2025-12-11T00:20:29.376+01:00  INFO 11000 --- [projAgile] [main] net.lhm.projagile.ProjAgileApplication   : Starting ProjAgileApplication using Java 21.0.3 with PID 11000 (C:\Users\Hp\Desktop\projet\projAgile\target\classes started by Hp in C:\Users\Hp\Desktop\projet\projAgile)
2025-12-11T00:20:29.385+01:00  INFO 11000 --- [projAgile] [main] net.lhm.projagile.ProjAgileApplication   : No active profile set, falling back to 1 default profile: "default"
2025-12-11T00:20:31.759+01:00  INFO 11000 --- [projAgile] [main] .s.d.r.c.RepositoryConfigurationDelegate : Bootstrapping Spring Data JPA repositories in DEFAULT mode.
2025-12-11T00:20:31.883+01:00  INFO 11000 --- [projAgile] [main] .s.d.r.c.RepositoryConfigurationDelegate : Finished Spring Data repository scanning in 104 ms. Found 6 JPA repository interfaces.
2025-12-11T00:20:33.468+01:00  INFO 11000 --- [projAgile] [main] o.s.b.w.embedded.tomcat.TomcatWebServer  : Tomcat initialized with port 8086 (http)
2025-12-11T00:20:33.493+01:00  INFO 11000 --- [projAgile] [main] o.apache.catalina.core.StandardService   : Starting service [Tomcat]
2025-12-11T00:20:33.494+01:00  INFO 11000 --- [projAgile] [main] o.apache.catalina.core.StandardEngine    : Starting Servlet engine: [Apache Tomcat/10.1.34]
2025-12-11T00:20:33.610+01:00  INFO 11000 --- [projAgile] [main] o.a.c.c.C.[Tomcat].[localhost].[/]       : Initializing Spring embedded WebApplicationContext
2025-12-11T00:20:33.610+01:00  INFO 11000 --- [projAgile] [main] w.s.c.ServletWebServerApplicationContext : Root WebApplicationContext: initialization completed in 4152 ms
2025-12-11T00:20:34.201+01:00  INFO 11000 --- [projAgile] [main] o.hibernate.jpa.internal.util.LogHelper  : HHH000204: Processing PersistenceUnitInfo [name: default]
2025-12-11T00:20:34.313+01:00  INFO 11000 --- [projAgile] [main] org.hibernate.Version                    : HHH000412: Hibernate ORM core version 6.6.5.Final
2025-12-11T00:20:34.395+01:00  INFO 11000 --- [projAgile] [main] o.h.c.internal.RegionFactoryInitiator    : HHH000026: Second-level cache disabled
2025-12-11T00:20:34.999+01:00  INFO 11000 --- [projAgile] [main] o.s.o.j.p.SpringPersistenceUnitInfo      : No LoadTimeWeaver setup: ignoring JPA class transformer
2025-12-11T00:20:35.050+01:00  INFO 11000 --- [projAgile] [main] com.zaxxer.hikari.HikariDataSource       : HikariPool-1 - Starting...
2025-12-11T00:20:35.840+01:00  INFO 11000 --- [projAgile] [main] com.zaxxer.hikari.pool.HikariPool        : HikariPool-1 - Added connection com.mysql.cj.jdbc.ConnectionImpl@7169d668
2025-12-11T00:20:35.843+01:00  INFO 11000 --- [projAgile] [main] com.zaxxer.hikari.HikariDataSource       : HikariPool-1 - Start completed.
2025-12-11T00:20:35.963+01:00  WARN 11000 --- [projAgile] [main] org.hibernate.orm.deprecation            : HHH90000025: MySQL8Dialect does not need to be specified explicitly using 'hibernate.dialect' (remove the property setting and it will be selected by default)
2025-12-11T00:20:35.966+01:00  WARN 11000 --- [projAgile] [main] org.hibernate.orm.deprecation            : HHH90000026: MySQL8Dialect has been deprecated; use org.hibernate.dialect.MySQLDialect instead
2025-12-11T00:20:36.022+01:00  INFO 11000 --- [projAgile] [main] org.hibernate.orm.connections.pooling    : HHH10001005: Database info:
	Database JDBC URL [Connecting through datasource 'HikariDataSource (HikariPool-1)']
	Database driver: undefined/unknown
	Database version: 8.0
	Autocommit mode: undefined/unknown
	Isolation level: undefined/unknown
	Minimum pool size: undefined/unknown
	Maximum pool size: undefined/unknown
2025-12-11T00:20:37.805+01:00  INFO 11000 --- [projAgile] [main] o.h.e.t.j.p.i.JtaPlatformInitiator       : HHH000489: No JTA platform available (set 'hibernate.transaction.jta.platform' to enable JTA platform integration)
2025-12-11T00:20:38.016+01:00  INFO 11000 --- [projAgile] [main] j.LocalContainerEntityManagerFactoryBean : Initialized JPA EntityManagerFactory for persistence unit 'default'
2025-12-11T00:20:38.926+01:00  WARN 11000 --- [projAgile] [main] JpaBaseConfiguration$JpaWebConfiguration : spring.jpa.open-in-view is enabled by default. Therefore, database queries may be performed during view rendering. Explicitly configure spring.jpa.open-in-view to disable this warning
2025-12-11T00:20:39.036+01:00  WARN 11000 --- [projAgile] [main] .s.s.UserDetailsServiceAutoConfiguration : 

Using generated security password: 6de6bd19-9179-48c9-92f0-69531ff32986

This generated password is for development use only. Your security configuration must be updated before running your application in production.

2025-12-11T00:20:39.065+01:00  INFO 11000 --- [projAgile] [main] r$InitializeUserDetailsManagerConfigurer : Global AuthenticationManager configured with UserDetailsService bean with name inMemoryUserDetailsManager
2025-12-11T00:20:39.952+01:00  INFO 11000 --- [projAgile] [main] o.s.b.a.e.web.EndpointLinksResolver      : Exposing 4 endpoints beneath base path '/actuator'
2025-12-11T00:20:41.319+01:00  INFO 11000 --- [projAgile] [main] o.s.b.w.embedded.tomcat.TomcatWebServer  : Tomcat started on port 8086 (http) with context path '/'
2025-12-11T00:20:41.334+01:00  INFO 11000 --- [projAgile] [main] net.lhm.projagile.ProjAgileApplication   : Started ProjAgileApplication in 12.832 seconds (process running for 14.5)
2025-12-11T00:20:41.859+01:00  INFO 11000 --- [projAgile] [RMI TCP Connection(1)-10.190.131.63] o.a.c.c.C.[Tomcat].[localhost].[/]       : Initializing Spring DispatcherServlet 'dispatcherServlet'
2025-12-11T00:20:41.860+01:00  INFO 11000 --- [projAgile] [RMI TCP Connection(1)-10.190.131.63] o.s.web.servlet.DispatcherServlet        : Initializing Servlet 'dispatcherServlet'
2025-12-11T00:20:41.863+01:00  INFO 11000 --- [projAgile] [RMI TCP Connection(1)-10.190.131.63] o.s.web.servlet.DispatcherServlet        : Completed initialization in 3 ms
2025-12-11T00:23:20.333+01:00  INFO 11000 --- [projAgile] [http-nio-8086-exec-8] o.springdoc.api.AbstractOpenApiResource  : Init duration for springdoc-openapi is: 1096 ms
2025-12-11T00:28:28.256+01:00  INFO 11000 --- [projAgile] [SpringApplicationShutdownHook] o.s.b.w.e.tomcat.GracefulShutdown        : Commencing graceful shutdown. Waiting for active requests to complete
2025-12-11T00:28:28.270+01:00  INFO 11000 --- [projAgile] [tomcat-shutdown] o.s.b.w.e.tomcat.GracefulShutdown        : Graceful shutdown complete
2025-12-11T00:28:28.283+01:00  INFO 11000 --- [projAgile] [SpringApplicationShutdownHook] j.LocalContainerEntityManagerFactoryBean : Closing JPA EntityManagerFactory for persistence unit 'default'
2025-12-11T00:28:28.288+01:00  INFO 11000 --- [projAgile] [SpringApplicationShutdownHook] com.zaxxer.hikari.HikariDataSource       : HikariPool-1 - Shutdown initiated...
2025-12-11T00:28:28.306+01:00  INFO 11000 --- [projAgile] [SpringApplicationShutdownHook] com.zaxxer.hikari.HikariDataSource       : HikariPool-1 - Shutdown completed.
2025-12-11T00:30:21.812+01:00  INFO 3740 --- [projAgile] [main] net.lhm.projagile.ProjAgileApplication   : Starting ProjAgileApplication using Java 21.0.3 with PID 3740 (C:\Users\Hp\Desktop\projet\projAgile\target\classes started by Hp in C:\Users\Hp\Desktop\projet\projAgile)
2025-12-11T00:30:21.815+01:00  INFO 3740 --- [projAgile] [main] net.lhm.projagile.ProjAgileApplication   : No active profile set, falling back to 1 default profile: "default"
2025-12-11T00:30:24.144+01:00  INFO 3740 --- [projAgile] [main] .s.d.r.c.RepositoryConfigurationDelegate : Bootstrapping Spring Data JPA repositories in DEFAULT mode.
2025-12-11T00:30:24.261+01:00  INFO 3740 --- [projAgile] [main] .s.d.r.c.RepositoryConfigurationDelegate : Finished Spring Data repository scanning in 108 ms. Found 6 JPA repository interfaces.
2025-12-11T00:30:25.616+01:00  INFO 3740 --- [projAgile] [main] o.s.b.w.embedded.tomcat.TomcatWebServer  : Tomcat initialized with port 8086 (http)
2025-12-11T00:30:25.632+01:00  INFO 3740 --- [projAgile] [main] o.apache.catalina.core.StandardService   : Starting service [Tomcat]
2025-12-11T00:30:25.632+01:00  INFO 3740 --- [projAgile] [main] o.apache.catalina.core.StandardEngine    : Starting Servlet engine: [Apache Tomcat/10.1.34]
2025-12-11T00:30:25.701+01:00  INFO 3740 --- [projAgile] [main] o.a.c.c.C.[Tomcat].[localhost].[/]       : Initializing Spring embedded WebApplicationContext
2025-12-11T00:30:25.702+01:00  INFO 3740 --- [projAgile] [main] w.s.c.ServletWebServerApplicationContext : Root WebApplicationContext: initialization completed in 3756 ms
2025-12-11T00:30:26.042+01:00  INFO 3740 --- [projAgile] [main] o.hibernate.jpa.internal.util.LogHelper  : HHH000204: Processing PersistenceUnitInfo [name: default]
2025-12-11T00:30:26.127+01:00  INFO 3740 --- [projAgile] [main] org.hibernate.Version                    : HHH000412: Hibernate ORM core version 6.6.5.Final
2025-12-11T00:30:26.167+01:00  INFO 3740 --- [projAgile] [main] o.h.c.internal.RegionFactoryInitiator    : HHH000026: Second-level cache disabled
2025-12-11T00:30:26.658+01:00  INFO 3740 --- [projAgile] [main] o.s.o.j.p.SpringPersistenceUnitInfo      : No LoadTimeWeaver setup: ignoring JPA class transformer
2025-12-11T00:30:26.731+01:00  INFO 3740 --- [projAgile] [main] com.zaxxer.hikari.HikariDataSource       : HikariPool-1 - Starting...
2025-12-11T00:30:27.242+01:00  INFO 3740 --- [projAgile] [main] com.zaxxer.hikari.pool.HikariPool        : HikariPool-1 - Added connection com.mysql.cj.jdbc.ConnectionImpl@2befb16f
2025-12-11T00:30:27.245+01:00  INFO 3740 --- [projAgile] [main] com.zaxxer.hikari.HikariDataSource       : HikariPool-1 - Start completed.
2025-12-11T00:30:27.313+01:00  WARN 3740 --- [projAgile] [main] org.hibernate.orm.deprecation            : HHH90000025: MySQL8Dialect does not need to be specified explicitly using 'hibernate.dialect' (remove the property setting and it will be selected by default)
2025-12-11T00:30:27.314+01:00  WARN 3740 --- [projAgile] [main] org.hibernate.orm.deprecation            : HHH90000026: MySQL8Dialect has been deprecated; use org.hibernate.dialect.MySQLDialect instead
2025-12-11T00:30:27.354+01:00  INFO 3740 --- [projAgile] [main] org.hibernate.orm.connections.pooling    : HHH10001005: Database info:
	Database JDBC URL [Connecting through datasource 'HikariDataSource (HikariPool-1)']
	Database driver: undefined/unknown
	Database version: 8.0
	Autocommit mode: undefined/unknown
	Isolation level: undefined/unknown
	Minimum pool size: undefined/unknown
	Maximum pool size: undefined/unknown
2025-12-11T00:30:29.030+01:00  INFO 3740 --- [projAgile] [main] o.h.e.t.j.p.i.JtaPlatformInitiator       : HHH000489: No JTA platform available (set 'hibernate.transaction.jta.platform' to enable JTA platform integration)
2025-12-11T00:30:29.177+01:00  INFO 3740 --- [projAgile] [main] j.LocalContainerEntityManagerFactoryBean : Initialized JPA EntityManagerFactory for persistence unit 'default'
2025-12-11T00:30:30.191+01:00  WARN 3740 --- [projAgile] [main] JpaBaseConfiguration$JpaWebConfiguration : spring.jpa.open-in-view is enabled by default. Therefore, database queries may be performed during view rendering. Explicitly configure spring.jpa.open-in-view to disable this warning
2025-12-11T00:30:30.227+01:00  WARN 3740 --- [projAgile] [main] .s.s.UserDetailsServiceAutoConfiguration : 

Using generated security password: e9c6589c-9a49-4244-8228-3e5b933d6747

This generated password is for development use only. Your security configuration must be updated before running your application in production.

2025-12-11T00:30:30.235+01:00  INFO 3740 --- [projAgile] [main] r$InitializeUserDetailsManagerConfigurer : Global AuthenticationManager configured with UserDetailsService bean with name inMemoryUserDetailsManager
2025-12-11T00:30:31.117+01:00  INFO 3740 --- [projAgile] [main] o.s.b.a.e.web.EndpointLinksResolver      : Exposing 4 endpoints beneath base path '/actuator'
2025-12-11T00:30:31.833+01:00  INFO 3740 --- [projAgile] [main] o.s.b.w.embedded.tomcat.TomcatWebServer  : Tomcat started on port 8086 (http) with context path '/'
2025-12-11T00:30:31.845+01:00  INFO 3740 --- [projAgile] [main] net.lhm.projagile.ProjAgileApplication   : Started ProjAgileApplication in 10.871 seconds (process running for 12.206)
2025-12-11T00:30:32.170+01:00  INFO 3740 --- [projAgile] [RMI TCP Connection(1)-10.190.131.63] o.a.c.c.C.[Tomcat].[localhost].[/]       : Initializing Spring DispatcherServlet 'dispatcherServlet'
2025-12-11T00:30:32.170+01:00  INFO 3740 --- [projAgile] [RMI TCP Connection(1)-10.190.131.63] o.s.web.servlet.DispatcherServlet        : Initializing Servlet 'dispatcherServlet'
2025-12-11T00:30:32.173+01:00  INFO 3740 --- [projAgile] [RMI TCP Connection(1)-10.190.131.63] o.s.web.servlet.DispatcherServlet        : Completed initialization in 2 ms
2025-12-11T00:31:40.067+01:00  INFO 3740 --- [projAgile] [SpringApplicationShutdownHook] o.s.b.w.e.tomcat.GracefulShutdown        : Commencing graceful shutdown. Waiting for active requests to complete
2025-12-11T00:31:40.076+01:00  INFO 3740 --- [projAgile] [tomcat-shutdown] o.s.b.w.e.tomcat.GracefulShutdown        : Graceful shutdown complete
2025-12-11T00:31:40.103+01:00  INFO 3740 --- [projAgile] [SpringApplicationShutdownHook] j.LocalContainerEntityManagerFactoryBean : Closing JPA EntityManagerFactory for persistence unit 'default'
2025-12-11T00:31:40.110+01:00  INFO 3740 --- [projAgile] [SpringApplicationShutdownHook] com.zaxxer.hikari.HikariDataSource       : HikariPool-1 - Shutdown initiated...
2025-12-11T00:31:40.126+01:00  INFO 3740 --- [projAgile] [SpringApplicationShutdownHook] com.zaxxer.hikari.HikariDataSource       : HikariPool-1 - Shutdown completed.
2025-12-11T01:40:54.916+01:00  INFO 9108 --- [projAgile] [main] net.lhm.projagile.ProjAgileApplication   : Starting ProjAgileApplication using Java 21.0.3 with PID 9108 (C:\Users\Hp\Desktop\projet\projAgile\target\classes started by Hp in C:\Users\Hp\Desktop\projet\projAgile)
2025-12-11T01:40:54.920+01:00  INFO 9108 --- [projAgile] [main] net.lhm.projagile.ProjAgileApplication   : No active profile set, falling back to 1 default profile: "default"
2025-12-11T01:40:56.339+01:00  INFO 9108 --- [projAgile] [main] .s.d.r.c.RepositoryConfigurationDelegate : Bootstrapping Spring Data JPA repositories in DEFAULT mode.
2025-12-11T01:40:56.431+01:00  INFO 9108 --- [projAgile] [main] .s.d.r.c.RepositoryConfigurationDelegate : Finished Spring Data repository scanning in 80 ms. Found 6 JPA repository interfaces.
2025-12-11T01:40:57.359+01:00  INFO 9108 --- [projAgile] [main] o.s.b.w.embedded.tomcat.TomcatWebServer  : Tomcat initialized with port 8086 (http)
2025-12-11T01:40:57.376+01:00  INFO 9108 --- [projAgile] [main] o.apache.catalina.core.StandardService   : Starting service [Tomcat]
2025-12-11T01:40:57.377+01:00  INFO 9108 --- [projAgile] [main] o.apache.catalina.core.StandardEngine    : Starting Servlet engine: [Apache Tomcat/10.1.34]
2025-12-11T01:40:57.444+01:00  INFO 9108 --- [projAgile] [main] o.a.c.c.C.[Tomcat].[localhost].[/]       : Initializing Spring embedded WebApplicationContext
2025-12-11T01:40:57.445+01:00  INFO 9108 --- [projAgile] [main] w.s.c.ServletWebServerApplicationContext : Root WebApplicationContext: initialization completed in 2473 ms
2025-12-11T01:40:57.796+01:00  INFO 9108 --- [projAgile] [main] o.hibernate.jpa.internal.util.LogHelper  : HHH000204: Processing PersistenceUnitInfo [name: default]
2025-12-11T01:40:57.885+01:00  INFO 9108 --- [projAgile] [main] org.hibernate.Version                    : HHH000412: Hibernate ORM core version 6.6.5.Final
2025-12-11T01:40:57.932+01:00  INFO 9108 --- [projAgile] [main] o.h.c.internal.RegionFactoryInitiator    : HHH000026: Second-level cache disabled
2025-12-11T01:40:58.267+01:00  INFO 9108 --- [projAgile] [main] o.s.o.j.p.SpringPersistenceUnitInfo      : No LoadTimeWeaver setup: ignoring JPA class transformer
2025-12-11T01:40:58.303+01:00  INFO 9108 --- [projAgile] [main] com.zaxxer.hikari.HikariDataSource       : HikariPool-1 - Starting...
2025-12-11T01:40:58.781+01:00  INFO 9108 --- [projAgile] [main] com.zaxxer.hikari.pool.HikariPool        : HikariPool-1 - Added connection com.mysql.cj.jdbc.ConnectionImpl@6a562255
2025-12-11T01:40:58.783+01:00  INFO 9108 --- [projAgile] [main] com.zaxxer.hikari.HikariDataSource       : HikariPool-1 - Start completed.
2025-12-11T01:40:58.838+01:00  WARN 9108 --- [projAgile] [main] org.hibernate.orm.deprecation            : HHH90000025: MySQL8Dialect does not need to be specified explicitly using 'hibernate.dialect' (remove the property setting and it will be selected by default)
2025-12-11T01:40:58.839+01:00  WARN 9108 --- [projAgile] [main] org.hibernate.orm.deprecation            : HHH90000026: MySQL8Dialect has been deprecated; use org.hibernate.dialect.MySQLDialect instead
2025-12-11T01:40:58.855+01:00  INFO 9108 --- [projAgile] [main] org.hibernate.orm.connections.pooling    : HHH10001005: Database info:
	Database JDBC URL [Connecting through datasource 'HikariDataSource (HikariPool-1)']
	Database driver: undefined/unknown
	Database version: 8.0
	Autocommit mode: undefined/unknown
	Isolation level: undefined/unknown
	Minimum pool size: undefined/unknown
	Maximum pool size: undefined/unknown
2025-12-11T01:40:59.989+01:00  INFO 9108 --- [projAgile] [main] o.h.e.t.j.p.i.JtaPlatformInitiator       : HHH000489: No JTA platform available (set 'hibernate.transaction.jta.platform' to enable JTA platform integration)
2025-12-11T01:41:00.152+01:00  INFO 9108 --- [projAgile] [main] j.LocalContainerEntityManagerFactoryBean : Initialized JPA EntityManagerFactory for persistence unit 'default'
2025-12-11T01:41:00.594+01:00  INFO 9108 --- [projAgile] [main] r$InitializeUserDetailsManagerConfigurer : Global AuthenticationManager configured with UserDetailsService bean with name customUserDetailsService
2025-12-11T01:41:00.601+01:00  WARN 9108 --- [projAgile] [main] ConfigServletWebServerApplicationContext : Exception encountered during context initialization - cancelling refresh attempt: org.springframework.beans.factory.UnsatisfiedDependencyException: Error creating bean with name 'authenticationController' defined in file [C:\Users\Hp\Desktop\projet\projAgile\target\classes\net\lhm\projagile\Controllers\AuthenticationController.class]: Unsatisfied dependency expressed through constructor parameter 0: Error creating bean with name 'authenticationServiceImpl' defined in file [C:\Users\Hp\Desktop\projet\projAgile\target\classes\net\lhm\projagile\Services\impl\AuthenticationServiceImpl.class]: Unsatisfied dependency expressed through constructor parameter 1: Error creating bean with name 'jwtTokenProvider': Unsatisfied dependency expressed through field 'expiration': Failed to convert value of type 'java.lang.String' to required type 'long'; For input string: "86400000#24h"
2025-12-11T01:41:00.602+01:00  INFO 9108 --- [projAgile] [main] j.LocalContainerEntityManagerFactoryBean : Closing JPA EntityManagerFactory for persistence unit 'default'
2025-12-11T01:41:00.604+01:00  INFO 9108 --- [projAgile] [main] com.zaxxer.hikari.HikariDataSource       : HikariPool-1 - Shutdown initiated...
2025-12-11T01:41:00.620+01:00  INFO 9108 --- [projAgile] [main] com.zaxxer.hikari.HikariDataSource       : HikariPool-1 - Shutdown completed.
2025-12-11T01:41:00.621+01:00  INFO 9108 --- [projAgile] [main] o.apache.catalina.core.StandardService   : Stopping service [Tomcat]
2025-12-11T01:41:00.636+01:00  INFO 9108 --- [projAgile] [main] .s.b.a.l.ConditionEvaluationReportLogger : 

Error starting ApplicationContext. To display the condition evaluation report re-run your application with 'debug' enabled.
2025-12-11T01:41:00.659+01:00 ERROR 9108 --- [projAgile] [main] o.s.boot.SpringApplication               : Application run failed

org.springframework.beans.factory.UnsatisfiedDependencyException: Error creating bean with name 'authenticationController' defined in file [C:\Users\Hp\Desktop\projet\projAgile\target\classes\net\lhm\projagile\Controllers\AuthenticationController.class]: Unsatisfied dependency expressed through constructor parameter 0: Error creating bean with name 'authenticationServiceImpl' defined in file [C:\Users\Hp\Desktop\projet\projAgile\target\classes\net\lhm\projagile\Services\impl\AuthenticationServiceImpl.class]: Unsatisfied dependency expressed through constructor parameter 1: Error creating bean with name 'jwtTokenProvider': Unsatisfied dependency expressed through field 'expiration': Failed to convert value of type 'java.lang.String' to required type 'long'; For input string: "86400000#24h"
	at org.springframework.beans.factory.support.ConstructorResolver.createArgumentArray(ConstructorResolver.java:804) ~[spring-beans-6.2.2.jar:6.2.2]
	at org.springframework.beans.factory.support.ConstructorResolver.autowireConstructor(ConstructorResolver.java:240) ~[spring-beans-6.2.2.jar:6.2.2]
	at org.springframework.beans.factory.support.AbstractAutowireCapableBeanFactory.autowireConstructor(AbstractAutowireCapableBeanFactory.java:1381) ~[spring-beans-6.2.2.jar:6.2.2]
	at org.springframework.beans.factory.support.AbstractAutowireCapableBeanFactory.createBeanInstance(AbstractAutowireCapableBeanFactory.java:1218) ~[spring-beans-6.2.2.jar:6.2.2]
	at org.springframework.beans.factory.support.AbstractAutowireCapableBeanFactory.doCreateBean(AbstractAutowireCapableBeanFactory.java:563) ~[spring-beans-6.2.2.jar:6.2.2]
	at org.springframework.beans.factory.support.AbstractAutowireCapableBeanFactory.createBean(AbstractAutowireCapableBeanFactory.java:523) ~[spring-beans-6.2.2.jar:6.2.2]
	at org.springframework.beans.factory.support.AbstractBeanFactory.lambda$doGetBean$0(AbstractBeanFactory.java:336) ~[spring-beans-6.2.2.jar:6.2.2]
	at org.springframework.beans.factory.support.DefaultSingletonBeanRegistry.getSingleton(DefaultSingletonBeanRegistry.java:307) ~[spring-beans-6.2.2.jar:6.2.2]
	at org.springframework.beans.factory.support.AbstractBeanFactory.doGetBean(AbstractBeanFactory.java:334) ~[spring-beans-6.2.2.jar:6.2.2]
	at org.springframework.beans.factory.support.AbstractBeanFactory.getBean(AbstractBeanFactory.java:199) ~[spring-beans-6.2.2.jar:6.2.2]
	at org.springframework.beans.factory.support.DefaultListableBeanFactory.instantiateSingleton(DefaultListableBeanFactory.java:1122) ~[spring-beans-6.2.2.jar:6.2.2]
	at org.springframework.beans.factory.support.DefaultListableBeanFactory.preInstantiateSingleton(DefaultListableBeanFactory.java:1093) ~[spring-beans-6.2.2.jar:6.2.2]
	at org.springframework.beans.factory.support.DefaultListableBeanFactory.preInstantiateSingletons(DefaultListableBeanFactory.java:1030) ~[spring-beans-6.2.2.jar:6.2.2]
	at org.springframework.context.support.AbstractApplicationContext.finishBeanFactoryInitialization(AbstractApplicationContext.java:987) ~[spring-context-6.2.2.jar:6.2.2]
	at org.springframework.context.support.AbstractApplicationContext.refresh(AbstractApplicationContext.java:627) ~[spring-context-6.2.2.jar:6.2.2]
	at org.springframework.boot.web.servlet.context.ServletWebServerApplicationContext.refresh(ServletWebServerApplicationContext.java:146) ~[spring-boot-3.4.2.jar:3.4.2]
	at org.springframework.boot.SpringApplication.refresh(SpringApplication.java:752) ~[spring-boot-3.4.2.jar:3.4.2]
	at org.springframework.boot.SpringApplication.refreshContext(SpringApplication.java:439) ~[spring-boot-3.4.2.jar:3.4.2]
	at org.springframework.boot.SpringApplication.run(SpringApplication.java:318) ~[spring-boot-3.4.2.jar:3.4.2]
	at org.springframework.boot.SpringApplication.run(SpringApplication.java:1361) ~[spring-boot-3.4.2.jar:3.4.2]
	at org.springframework.boot.SpringApplication.run(SpringApplication.java:1350) ~[spring-boot-3.4.2.jar:3.4.2]
	at net.lhm.projagile.ProjAgileApplication.main(ProjAgileApplication.java:15) ~[classes/:na]
Caused by: org.springframework.beans.factory.UnsatisfiedDependencyException: Error creating bean with name 'authenticationServiceImpl' defined in file [C:\Users\Hp\Desktop\projet\projAgile\target\classes\net\lhm\projagile\Services\impl\AuthenticationServiceImpl.class]: Unsatisfied dependency expressed through constructor parameter 1: Error creating bean with name 'jwtTokenProvider': Unsatisfied dependency expressed through field 'expiration': Failed to convert value of type 'java.lang.String' to required type 'long'; For input string: "86400000#24h"
	at org.springframework.beans.factory.support.ConstructorResolver.createArgumentArray(ConstructorResolver.java:804) ~[spring-beans-6.2.2.jar:6.2.2]
	at org.springframework.beans.factory.support.ConstructorResolver.autowireConstructor(ConstructorResolver.java:240) ~[spring-beans-6.2.2.jar:6.2.2]
	at org.springframework.beans.factory.support.AbstractAutowireCapableBeanFactory.autowireConstructor(AbstractAutowireCapableBeanFactory.java:1381) ~[spring-beans-6.2.2.jar:6.2.2]
	at org.springframework.beans.factory.support.AbstractAutowireCapableBeanFactory.createBeanInstance(AbstractAutowireCapableBeanFactory.java:1218) ~[spring-beans-6.2.2.jar:6.2.2]
	at org.springframework.beans.factory.support.AbstractAutowireCapableBeanFactory.doCreateBean(AbstractAutowireCapableBeanFactory.java:563) ~[spring-beans-6.2.2.jar:6.2.2]
	at org.springframework.beans.factory.support.AbstractAutowireCapableBeanFactory.createBean(AbstractAutowireCapableBeanFactory.java:523) ~[spring-beans-6.2.2.jar:6.2.2]
	at org.springframework.beans.factory.support.AbstractBeanFactory.lambda$doGetBean$0(AbstractBeanFactory.java:336) ~[spring-beans-6.2.2.jar:6.2.2]
	at org.springframework.beans.factory.support.DefaultSingletonBeanRegistry.getSingleton(DefaultSingletonBeanRegistry.java:307) ~[spring-beans-6.2.2.jar:6.2.2]
	at org.springframework.beans.factory.support.AbstractBeanFactory.doGetBean(AbstractBeanFactory.java:334) ~[spring-beans-6.2.2.jar:6.2.2]
	at org.springframework.beans.factory.support.AbstractBeanFactory.getBean(AbstractBeanFactory.java:199) ~[spring-beans-6.2.2.jar:6.2.2]
	at org.springframework.beans.factory.config.DependencyDescriptor.resolveCandidate(DependencyDescriptor.java:254) ~[spring-beans-6.2.2.jar:6.2.2]
	at org.springframework.beans.factory.support.DefaultListableBeanFactory.doResolveDependency(DefaultListableBeanFactory.java:1631) ~[spring-beans-6.2.2.jar:6.2.2]
	at org.springframework.beans.factory.support.DefaultListableBeanFactory.resolveDependency(DefaultListableBeanFactory.java:1519) ~[spring-beans-6.2.2.jar:6.2.2]
	at org.springframework.beans.factory.support.ConstructorResolver.resolveAutowiredArgument(ConstructorResolver.java:913) ~[spring-beans-6.2.2.jar:6.2.2]
	at org.springframework.beans.factory.support.ConstructorResolver.createArgumentArray(ConstructorResolver.java:791) ~[spring-beans-6.2.2.jar:6.2.2]
	... 21 common frames omitted
Caused by: org.springframework.beans.factory.UnsatisfiedDependencyException: Error creating bean with name 'jwtTokenProvider': Unsatisfied dependency expressed through field 'expiration': Failed to convert value of type 'java.lang.String' to required type 'long'; For input string: "86400000#24h"
	at org.springframework.beans.factory.annotation.AutowiredAnnotationBeanPostProcessor$AutowiredFieldElement.resolveFieldValue(AutowiredAnnotationBeanPostProcessor.java:788) ~[spring-beans-6.2.2.jar:6.2.2]
	at org.springframework.beans.factory.annotation.AutowiredAnnotationBeanPostProcessor$AutowiredFieldElement.inject(AutowiredAnnotationBeanPostProcessor.java:768) ~[spring-beans-6.2.2.jar:6.2.2]
	at org.springframework.beans.factory.annotation.InjectionMetadata.inject(InjectionMetadata.java:146) ~[spring-beans-6.2.2.jar:6.2.2]
	at org.springframework.beans.factory.annotation.AutowiredAnnotationBeanPostProcessor.postProcessProperties(AutowiredAnnotationBeanPostProcessor.java:509) ~[spring-beans-6.2.2.jar:6.2.2]
	at org.springframework.beans.factory.support.AbstractAutowireCapableBeanFactory.populateBean(AbstractAutowireCapableBeanFactory.java:1445) ~[spring-beans-6.2.2.jar:6.2.2]
	at org.springframework.beans.factory.support.AbstractAutowireCapableBeanFactory.doCreateBean(AbstractAutowireCapableBeanFactory.java:600) ~[spring-beans-6.2.2.jar:6.2.2]
	at org.springframework.beans.factory.support.AbstractAutowireCapableBeanFactory.createBean(AbstractAutowireCapableBeanFactory.java:523) ~[spring-beans-6.2.2.jar:6.2.2]
	at org.springframework.beans.factory.support.AbstractBeanFactory.lambda$doGetBean$0(AbstractBeanFactory.java:336) ~[spring-beans-6.2.2.jar:6.2.2]
	at org.springframework.beans.factory.support.DefaultSingletonBeanRegistry.getSingleton(DefaultSingletonBeanRegistry.java:307) ~[spring-beans-6.2.2.jar:6.2.2]
	at org.springframework.beans.factory.support.AbstractBeanFactory.doGetBean(AbstractBeanFactory.java:334) ~[spring-beans-6.2.2.jar:6.2.2]
	at org.springframework.beans.factory.support.AbstractBeanFactory.getBean(AbstractBeanFactory.java:199) ~[spring-beans-6.2.2.jar:6.2.2]
	at org.springframework.beans.factory.support.DefaultListableBeanFactory.doResolveDependency(DefaultListableBeanFactory.java:1573) ~[spring-beans-6.2.2.jar:6.2.2]
	at org.springframework.beans.factory.support.DefaultListableBeanFactory.resolveDependency(DefaultListableBeanFactory.java:1519) ~[spring-beans-6.2.2.jar:6.2.2]
	at org.springframework.beans.factory.support.ConstructorResolver.resolveAutowiredArgument(ConstructorResolver.java:913) ~[spring-beans-6.2.2.jar:6.2.2]
	at org.springframework.beans.factory.support.ConstructorResolver.createArgumentArray(ConstructorResolver.java:791) ~[spring-beans-6.2.2.jar:6.2.2]
	... 35 common frames omitted
Caused by: org.springframework.beans.TypeMismatchException: Failed to convert value of type 'java.lang.String' to required type 'long'; For input string: "86400000#24h"
	at org.springframework.beans.TypeConverterSupport.convertIfNecessary(TypeConverterSupport.java:87) ~[spring-beans-6.2.2.jar:6.2.2]
	at org.springframework.beans.TypeConverterSupport.convertIfNecessary(TypeConverterSupport.java:71) ~[spring-beans-6.2.2.jar:6.2.2]
	at org.springframework.beans.factory.support.DefaultListableBeanFactory.doResolveDependency(DefaultListableBeanFactory.java:1548) ~[spring-beans-6.2.2.jar:6.2.2]
	at org.springframework.beans.factory.support.DefaultListableBeanFactory.resolveDependency(DefaultListableBeanFactory.java:1519) ~[spring-beans-6.2.2.jar:6.2.2]
	at org.springframework.beans.factory.annotation.AutowiredAnnotationBeanPostProcessor$AutowiredFieldElement.resolveFieldValue(AutowiredAnnotationBeanPostProcessor.java:785) ~[spring-beans-6.2.2.jar:6.2.2]
	... 49 common frames omitted
Caused by: java.lang.NumberFormatException: For input string: "86400000#24h"
	at java.base/java.lang.NumberFormatException.forInputString(NumberFormatException.java:67) ~[na:na]
	at java.base/java.lang.Long.parseLong(Long.java:709) ~[na:na]
	at java.base/java.lang.Long.valueOf(Long.java:1157) ~[na:na]
	at org.springframework.util.NumberUtils.parseNumber(NumberUtils.java:204) ~[spring-core-6.2.2.jar:6.2.2]
	at org.springframework.beans.propertyeditors.CustomNumberEditor.setAsText(CustomNumberEditor.java:115) ~[spring-beans-6.2.2.jar:6.2.2]
	at org.springframework.beans.TypeConverterDelegate.doConvertTextValue(TypeConverterDelegate.java:439) ~[spring-beans-6.2.2.jar:6.2.2]
	at org.springframework.beans.TypeConverterDelegate.doConvertValue(TypeConverterDelegate.java:412) ~[spring-beans-6.2.2.jar:6.2.2]
	at org.springframework.beans.TypeConverterDelegate.convertIfNecessary(TypeConverterDelegate.java:161) ~[spring-beans-6.2.2.jar:6.2.2]
	at org.springframework.beans.TypeConverterSupport.convertIfNecessary(TypeConverterSupport.java:80) ~[spring-beans-6.2.2.jar:6.2.2]
	... 53 common frames omitted

2025-12-11T01:44:03.525+01:00  INFO 23256 --- [projAgile] [main] net.lhm.projagile.ProjAgileApplication   : Starting ProjAgileApplication using Java 21.0.3 with PID 23256 (C:\Users\Hp\Desktop\projet\projAgile\target\classes started by Hp in C:\Users\Hp\Desktop\projet\projAgile)
2025-12-11T01:44:03.529+01:00  INFO 23256 --- [projAgile] [main] net.lhm.projagile.ProjAgileApplication   : No active profile set, falling back to 1 default profile: "default"
2025-12-11T01:44:04.626+01:00  INFO 23256 --- [projAgile] [main] .s.d.r.c.RepositoryConfigurationDelegate : Bootstrapping Spring Data JPA repositories in DEFAULT mode.
2025-12-11T01:44:04.698+01:00  INFO 23256 --- [projAgile] [main] .s.d.r.c.RepositoryConfigurationDelegate : Finished Spring Data repository scanning in 63 ms. Found 6 JPA repository interfaces.
2025-12-11T01:44:05.373+01:00  INFO 23256 --- [projAgile] [main] o.s.b.w.embedded.tomcat.TomcatWebServer  : Tomcat initialized with port 8086 (http)
2025-12-11T01:44:05.386+01:00  INFO 23256 --- [projAgile] [main] o.apache.catalina.core.StandardService   : Starting service [Tomcat]
2025-12-11T01:44:05.387+01:00  INFO 23256 --- [projAgile] [main] o.apache.catalina.core.StandardEngine    : Starting Servlet engine: [Apache Tomcat/10.1.34]
2025-12-11T01:44:05.451+01:00  INFO 23256 --- [projAgile] [main] o.a.c.c.C.[Tomcat].[localhost].[/]       : Initializing Spring embedded WebApplicationContext
2025-12-11T01:44:05.451+01:00  INFO 23256 --- [projAgile] [main] w.s.c.ServletWebServerApplicationContext : Root WebApplicationContext: initialization completed in 1865 ms
2025-12-11T01:44:05.745+01:00  INFO 23256 --- [projAgile] [main] o.hibernate.jpa.internal.util.LogHelper  : HHH000204: Processing PersistenceUnitInfo [name: default]
2025-12-11T01:44:05.794+01:00  INFO 23256 --- [projAgile] [main] org.hibernate.Version                    : HHH000412: Hibernate ORM core version 6.6.5.Final
2025-12-11T01:44:05.822+01:00  INFO 23256 --- [projAgile] [main] o.h.c.internal.RegionFactoryInitiator    : HHH000026: Second-level cache disabled
2025-12-11T01:44:06.060+01:00  INFO 23256 --- [projAgile] [main] o.s.o.j.p.SpringPersistenceUnitInfo      : No LoadTimeWeaver setup: ignoring JPA class transformer
2025-12-11T01:44:06.088+01:00  INFO 23256 --- [projAgile] [main] com.zaxxer.hikari.HikariDataSource       : HikariPool-1 - Starting...
2025-12-11T01:44:06.382+01:00  INFO 23256 --- [projAgile] [main] com.zaxxer.hikari.pool.HikariPool        : HikariPool-1 - Added connection com.mysql.cj.jdbc.ConnectionImpl@31c0c7e5
2025-12-11T01:44:06.384+01:00  INFO 23256 --- [projAgile] [main] com.zaxxer.hikari.HikariDataSource       : HikariPool-1 - Start completed.
2025-12-11T01:44:06.424+01:00  WARN 23256 --- [projAgile] [main] org.hibernate.orm.deprecation            : HHH90000025: MySQL8Dialect does not need to be specified explicitly using 'hibernate.dialect' (remove the property setting and it will be selected by default)
2025-12-11T01:44:06.425+01:00  WARN 23256 --- [projAgile] [main] org.hibernate.orm.deprecation            : HHH90000026: MySQL8Dialect has been deprecated; use org.hibernate.dialect.MySQLDialect instead
2025-12-11T01:44:06.439+01:00  INFO 23256 --- [projAgile] [main] org.hibernate.orm.connections.pooling    : HHH10001005: Database info:
	Database JDBC URL [Connecting through datasource 'HikariDataSource (HikariPool-1)']
	Database driver: undefined/unknown
	Database version: 8.0
	Autocommit mode: undefined/unknown
	Isolation level: undefined/unknown
	Minimum pool size: undefined/unknown
	Maximum pool size: undefined/unknown
2025-12-11T01:44:07.395+01:00  INFO 23256 --- [projAgile] [main] o.h.e.t.j.p.i.JtaPlatformInitiator       : HHH000489: No JTA platform available (set 'hibernate.transaction.jta.platform' to enable JTA platform integration)
2025-12-11T01:44:07.515+01:00  INFO 23256 --- [projAgile] [main] j.LocalContainerEntityManagerFactoryBean : Initialized JPA EntityManagerFactory for persistence unit 'default'
2025-12-11T01:44:07.907+01:00  INFO 23256 --- [projAgile] [main] r$InitializeUserDetailsManagerConfigurer : Global AuthenticationManager configured with UserDetailsService bean with name customUserDetailsService
2025-12-11T01:44:08.207+01:00  WARN 23256 --- [projAgile] [main] JpaBaseConfiguration$JpaWebConfiguration : spring.jpa.open-in-view is enabled by default. Therefore, database queries may be performed during view rendering. Explicitly configure spring.jpa.open-in-view to disable this warning
2025-12-11T01:44:08.754+01:00  INFO 23256 --- [projAgile] [main] o.s.b.a.e.web.EndpointLinksResolver      : Exposing 4 endpoints beneath base path '/actuator'
2025-12-11T01:44:09.515+01:00  INFO 23256 --- [projAgile] [main] o.s.b.w.embedded.tomcat.TomcatWebServer  : Tomcat started on port 8086 (http) with context path '/'
2025-12-11T01:44:09.527+01:00  INFO 23256 --- [projAgile] [main] net.lhm.projagile.ProjAgileApplication   : Started ProjAgileApplication in 6.476 seconds (process running for 7.165)
2025-12-11T01:44:09.845+01:00  INFO 23256 --- [projAgile] [RMI TCP Connection(4)-10.190.131.63] o.a.c.c.C.[Tomcat].[localhost].[/]       : Initializing Spring DispatcherServlet 'dispatcherServlet'
2025-12-11T01:44:09.845+01:00  INFO 23256 --- [projAgile] [RMI TCP Connection(4)-10.190.131.63] o.s.web.servlet.DispatcherServlet        : Initializing Servlet 'dispatcherServlet'
2025-12-11T01:44:09.849+01:00  INFO 23256 --- [projAgile] [RMI TCP Connection(4)-10.190.131.63] o.s.web.servlet.DispatcherServlet        : Completed initialization in 4 ms
2025-12-11T01:45:41.915+01:00  WARN 23256 --- [projAgile] [http-nio-8086-exec-8] .w.s.m.s.DefaultHandlerExceptionResolver : Resolved [org.springframework.web.HttpMediaTypeNotSupportedException: Content-Type 'application/x-www-form-urlencoded;charset=UTF-8' is not supported]
2025-12-11T01:52:01.962+01:00  INFO 23256 --- [projAgile] [SpringApplicationShutdownHook] o.s.b.w.e.tomcat.GracefulShutdown        : Commencing graceful shutdown. Waiting for active requests to complete
2025-12-11T01:52:01.974+01:00  INFO 23256 --- [projAgile] [tomcat-shutdown] o.s.b.w.e.tomcat.GracefulShutdown        : Graceful shutdown complete
2025-12-11T01:52:01.983+01:00  INFO 23256 --- [projAgile] [SpringApplicationShutdownHook] j.LocalContainerEntityManagerFactoryBean : Closing JPA EntityManagerFactory for persistence unit 'default'
2025-12-11T01:52:01.988+01:00  INFO 23256 --- [projAgile] [SpringApplicationShutdownHook] com.zaxxer.hikari.HikariDataSource       : HikariPool-1 - Shutdown initiated...
2025-12-11T01:52:02.008+01:00  INFO 23256 --- [projAgile] [SpringApplicationShutdownHook] com.zaxxer.hikari.HikariDataSource       : HikariPool-1 - Shutdown completed.
2025-12-11T01:52:08.084+01:00  INFO 14440 --- [projAgile] [main] net.lhm.projagile.ProjAgileApplication   : Starting ProjAgileApplication using Java 21.0.3 with PID 14440 (C:\Users\Hp\Desktop\projet\projAgile\target\classes started by Hp in C:\Users\Hp\Desktop\projet\projAgile)
2025-12-11T01:52:08.087+01:00  INFO 14440 --- [projAgile] [main] net.lhm.projagile.ProjAgileApplication   : No active profile set, falling back to 1 default profile: "default"
2025-12-11T01:52:09.268+01:00  INFO 14440 --- [projAgile] [main] .s.d.r.c.RepositoryConfigurationDelegate : Bootstrapping Spring Data JPA repositories in DEFAULT mode.
2025-12-11T01:52:09.352+01:00  INFO 14440 --- [projAgile] [main] .s.d.r.c.RepositoryConfigurationDelegate : Finished Spring Data repository scanning in 74 ms. Found 6 JPA repository interfaces.
2025-12-11T01:52:10.055+01:00  INFO 14440 --- [projAgile] [main] o.s.b.w.embedded.tomcat.TomcatWebServer  : Tomcat initialized with port 8086 (http)
2025-12-11T01:52:10.069+01:00  INFO 14440 --- [projAgile] [main] o.apache.catalina.core.StandardService   : Starting service [Tomcat]
2025-12-11T01:52:10.069+01:00  INFO 14440 --- [projAgile] [main] o.apache.catalina.core.StandardEngine    : Starting Servlet engine: [Apache Tomcat/10.1.34]
2025-12-11T01:52:10.122+01:00  INFO 14440 --- [projAgile] [main] o.a.c.c.C.[Tomcat].[localhost].[/]       : Initializing Spring embedded WebApplicationContext
2025-12-11T01:52:10.123+01:00  INFO 14440 --- [projAgile] [main] w.s.c.ServletWebServerApplicationContext : Root WebApplicationContext: initialization completed in 1977 ms
2025-12-11T01:52:10.427+01:00  INFO 14440 --- [projAgile] [main] o.hibernate.jpa.internal.util.LogHelper  : HHH000204: Processing PersistenceUnitInfo [name: default]
2025-12-11T01:52:10.476+01:00  INFO 14440 --- [projAgile] [main] org.hibernate.Version                    : HHH000412: Hibernate ORM core version 6.6.5.Final
2025-12-11T01:52:10.506+01:00  INFO 14440 --- [projAgile] [main] o.h.c.internal.RegionFactoryInitiator    : HHH000026: Second-level cache disabled
2025-12-11T01:52:10.738+01:00  INFO 14440 --- [projAgile] [main] o.s.o.j.p.SpringPersistenceUnitInfo      : No LoadTimeWeaver setup: ignoring JPA class transformer
2025-12-11T01:52:10.765+01:00  INFO 14440 --- [projAgile] [main] com.zaxxer.hikari.HikariDataSource       : HikariPool-1 - Starting...
2025-12-11T01:52:11.057+01:00  INFO 14440 --- [projAgile] [main] com.zaxxer.hikari.pool.HikariPool        : HikariPool-1 - Added connection com.mysql.cj.jdbc.ConnectionImpl@d02c00
2025-12-11T01:52:11.059+01:00  INFO 14440 --- [projAgile] [main] com.zaxxer.hikari.HikariDataSource       : HikariPool-1 - Start completed.
2025-12-11T01:52:11.101+01:00  WARN 14440 --- [projAgile] [main] org.hibernate.orm.deprecation            : HHH90000025: MySQL8Dialect does not need to be specified explicitly using 'hibernate.dialect' (remove the property setting and it will be selected by default)
2025-12-11T01:52:11.102+01:00  WARN 14440 --- [projAgile] [main] org.hibernate.orm.deprecation            : HHH90000026: MySQL8Dialect has been deprecated; use org.hibernate.dialect.MySQLDialect instead
2025-12-11T01:52:11.115+01:00  INFO 14440 --- [projAgile] [main] org.hibernate.orm.connections.pooling    : HHH10001005: Database info:
	Database JDBC URL [Connecting through datasource 'HikariDataSource (HikariPool-1)']
	Database driver: undefined/unknown
	Database version: 8.0
	Autocommit mode: undefined/unknown
	Isolation level: undefined/unknown
	Minimum pool size: undefined/unknown
	Maximum pool size: undefined/unknown
2025-12-11T01:52:12.115+01:00  INFO 14440 --- [projAgile] [main] o.h.e.t.j.p.i.JtaPlatformInitiator       : HHH000489: No JTA platform available (set 'hibernate.transaction.jta.platform' to enable JTA platform integration)
2025-12-11T01:52:12.270+01:00  INFO 14440 --- [projAgile] [main] j.LocalContainerEntityManagerFactoryBean : Initialized JPA EntityManagerFactory for persistence unit 'default'
2025-12-11T01:52:12.683+01:00  INFO 14440 --- [projAgile] [main] r$InitializeUserDetailsManagerConfigurer : Global AuthenticationManager configured with UserDetailsService bean with name customUserDetailsService
2025-12-11T01:52:12.960+01:00  WARN 14440 --- [projAgile] [main] JpaBaseConfiguration$JpaWebConfiguration : spring.jpa.open-in-view is enabled by default. Therefore, database queries may be performed during view rendering. Explicitly configure spring.jpa.open-in-view to disable this warning
2025-12-11T01:52:13.470+01:00  INFO 14440 --- [projAgile] [main] o.s.b.a.e.web.EndpointLinksResolver      : Exposing 4 endpoints beneath base path '/actuator'
2025-12-11T01:52:14.125+01:00  INFO 14440 --- [projAgile] [main] o.s.b.w.embedded.tomcat.TomcatWebServer  : Tomcat started on port 8086 (http) with context path '/'
2025-12-11T01:52:14.137+01:00  INFO 14440 --- [projAgile] [main] net.lhm.projagile.ProjAgileApplication   : Started ProjAgileApplication in 6.541 seconds (process running for 7.28)
2025-12-11T01:52:14.365+01:00  INFO 14440 --- [projAgile] [RMI TCP Connection(3)-10.190.131.63] o.a.c.c.C.[Tomcat].[localhost].[/]       : Initializing Spring DispatcherServlet 'dispatcherServlet'
2025-12-11T01:52:14.366+01:00  INFO 14440 --- [projAgile] [RMI TCP Connection(3)-10.190.131.63] o.s.web.servlet.DispatcherServlet        : Initializing Servlet 'dispatcherServlet'
2025-12-11T01:52:14.368+01:00  INFO 14440 --- [projAgile] [RMI TCP Connection(3)-10.190.131.63] o.s.web.servlet.DispatcherServlet        : Completed initialization in 2 ms
2025-12-11T01:54:12.412+01:00  WARN 14440 --- [projAgile] [http-nio-8086-exec-4] .w.s.m.s.DefaultHandlerExceptionResolver : Resolved [org.springframework.web.HttpRequestMethodNotSupportedException: Request method 'POST' is not supported]
2025-12-11T01:56:48.650+01:00  INFO 14440 --- [projAgile] [SpringApplicationShutdownHook] o.s.b.w.e.tomcat.GracefulShutdown        : Commencing graceful shutdown. Waiting for active requests to complete
2025-12-11T01:56:48.658+01:00  INFO 14440 --- [projAgile] [tomcat-shutdown] o.s.b.w.e.tomcat.GracefulShutdown        : Graceful shutdown complete
2025-12-11T01:56:48.667+01:00  INFO 14440 --- [projAgile] [SpringApplicationShutdownHook] j.LocalContainerEntityManagerFactoryBean : Closing JPA EntityManagerFactory for persistence unit 'default'
2025-12-11T01:56:48.670+01:00  INFO 14440 --- [projAgile] [SpringApplicationShutdownHook] com.zaxxer.hikari.HikariDataSource       : HikariPool-1 - Shutdown initiated...
2025-12-11T01:56:48.694+01:00  INFO 14440 --- [projAgile] [SpringApplicationShutdownHook] com.zaxxer.hikari.HikariDataSource       : HikariPool-1 - Shutdown completed.
2025-12-11T01:56:54.316+01:00  INFO 25264 --- [projAgile] [main] net.lhm.projagile.ProjAgileApplication   : Starting ProjAgileApplication using Java 21.0.3 with PID 25264 (C:\Users\Hp\Desktop\projet\projAgile\target\classes started by Hp in C:\Users\Hp\Desktop\projet\projAgile)
2025-12-11T01:56:54.319+01:00  INFO 25264 --- [projAgile] [main] net.lhm.projagile.ProjAgileApplication   : No active profile set, falling back to 1 default profile: "default"
2025-12-11T01:56:55.470+01:00  INFO 25264 --- [projAgile] [main] .s.d.r.c.RepositoryConfigurationDelegate : Bootstrapping Spring Data JPA repositories in DEFAULT mode.
2025-12-11T01:56:55.543+01:00  INFO 25264 --- [projAgile] [main] .s.d.r.c.RepositoryConfigurationDelegate : Finished Spring Data repository scanning in 65 ms. Found 6 JPA repository interfaces.
2025-12-11T01:56:56.246+01:00  INFO 25264 --- [projAgile] [main] o.s.b.w.embedded.tomcat.TomcatWebServer  : Tomcat initialized with port 8086 (http)
2025-12-11T01:56:56.258+01:00  INFO 25264 --- [projAgile] [main] o.apache.catalina.core.StandardService   : Starting service [Tomcat]
2025-12-11T01:56:56.259+01:00  INFO 25264 --- [projAgile] [main] o.apache.catalina.core.StandardEngine    : Starting Servlet engine: [Apache Tomcat/10.1.34]
2025-12-11T01:56:56.311+01:00  INFO 25264 --- [projAgile] [main] o.a.c.c.C.[Tomcat].[localhost].[/]       : Initializing Spring embedded WebApplicationContext
2025-12-11T01:56:56.312+01:00  INFO 25264 --- [projAgile] [main] w.s.c.ServletWebServerApplicationContext : Root WebApplicationContext: initialization completed in 1944 ms
2025-12-11T01:56:56.625+01:00  INFO 25264 --- [projAgile] [main] o.hibernate.jpa.internal.util.LogHelper  : HHH000204: Processing PersistenceUnitInfo [name: default]
2025-12-11T01:56:56.679+01:00  INFO 25264 --- [projAgile] [main] org.hibernate.Version                    : HHH000412: Hibernate ORM core version 6.6.5.Final
2025-12-11T01:56:56.709+01:00  INFO 25264 --- [projAgile] [main] o.h.c.internal.RegionFactoryInitiator    : HHH000026: Second-level cache disabled
2025-12-11T01:56:56.956+01:00  INFO 25264 --- [projAgile] [main] o.s.o.j.p.SpringPersistenceUnitInfo      : No LoadTimeWeaver setup: ignoring JPA class transformer
2025-12-11T01:56:56.987+01:00  INFO 25264 --- [projAgile] [main] com.zaxxer.hikari.HikariDataSource       : HikariPool-1 - Starting...
2025-12-11T01:56:57.301+01:00  INFO 25264 --- [projAgile] [main] com.zaxxer.hikari.pool.HikariPool        : HikariPool-1 - Added connection com.mysql.cj.jdbc.ConnectionImpl@d02c00
2025-12-11T01:56:57.303+01:00  INFO 25264 --- [projAgile] [main] com.zaxxer.hikari.HikariDataSource       : HikariPool-1 - Start completed.
2025-12-11T01:56:57.347+01:00  WARN 25264 --- [projAgile] [main] org.hibernate.orm.deprecation            : HHH90000025: MySQL8Dialect does not need to be specified explicitly using 'hibernate.dialect' (remove the property setting and it will be selected by default)
2025-12-11T01:56:57.348+01:00  WARN 25264 --- [projAgile] [main] org.hibernate.orm.deprecation            : HHH90000026: MySQL8Dialect has been deprecated; use org.hibernate.dialect.MySQLDialect instead
2025-12-11T01:56:57.363+01:00  INFO 25264 --- [projAgile] [main] org.hibernate.orm.connections.pooling    : HHH10001005: Database info:
	Database JDBC URL [Connecting through datasource 'HikariDataSource (HikariPool-1)']
	Database driver: undefined/unknown
	Database version: 8.0
	Autocommit mode: undefined/unknown
	Isolation level: undefined/unknown
	Minimum pool size: undefined/unknown
	Maximum pool size: undefined/unknown
2025-12-11T01:56:58.475+01:00  INFO 25264 --- [projAgile] [main] o.h.e.t.j.p.i.JtaPlatformInitiator       : HHH000489: No JTA platform available (set 'hibernate.transaction.jta.platform' to enable JTA platform integration)
2025-12-11T01:56:58.610+01:00  INFO 25264 --- [projAgile] [main] j.LocalContainerEntityManagerFactoryBean : Initialized JPA EntityManagerFactory for persistence unit 'default'
2025-12-11T01:56:58.995+01:00  INFO 25264 --- [projAgile] [main] r$InitializeUserDetailsManagerConfigurer : Global AuthenticationManager configured with UserDetailsService bean with name customUserDetailsService
2025-12-11T01:56:59.307+01:00  WARN 25264 --- [projAgile] [main] JpaBaseConfiguration$JpaWebConfiguration : spring.jpa.open-in-view is enabled by default. Therefore, database queries may be performed during view rendering. Explicitly configure spring.jpa.open-in-view to disable this warning
2025-12-11T01:56:59.876+01:00  INFO 25264 --- [projAgile] [main] o.s.b.a.e.web.EndpointLinksResolver      : Exposing 4 endpoints beneath base path '/actuator'
2025-12-11T01:57:00.620+01:00  INFO 25264 --- [projAgile] [main] o.s.b.w.embedded.tomcat.TomcatWebServer  : Tomcat started on port 8086 (http) with context path '/'
2025-12-11T01:57:00.631+01:00  INFO 25264 --- [projAgile] [main] net.lhm.projagile.ProjAgileApplication   : Started ProjAgileApplication in 6.765 seconds (process running for 7.424)
2025-12-11T01:57:01.247+01:00  INFO 25264 --- [projAgile] [RMI TCP Connection(3)-10.190.131.63] o.a.c.c.C.[Tomcat].[localhost].[/]       : Initializing Spring DispatcherServlet 'dispatcherServlet'
2025-12-11T01:57:01.248+01:00  INFO 25264 --- [projAgile] [RMI TCP Connection(3)-10.190.131.63] o.s.web.servlet.DispatcherServlet        : Initializing Servlet 'dispatcherServlet'
2025-12-11T01:57:01.250+01:00  INFO 25264 --- [projAgile] [RMI TCP Connection(3)-10.190.131.63] o.s.web.servlet.DispatcherServlet        : Completed initialization in 2 ms
2025-12-11T02:01:07.420+01:00  INFO 25264 --- [projAgile] [SpringApplicationShutdownHook] o.s.b.w.e.tomcat.GracefulShutdown        : Commencing graceful shutdown. Waiting for active requests to complete
2025-12-11T02:01:07.429+01:00  INFO 25264 --- [projAgile] [tomcat-shutdown] o.s.b.w.e.tomcat.GracefulShutdown        : Graceful shutdown complete
2025-12-11T02:01:07.436+01:00  INFO 25264 --- [projAgile] [SpringApplicationShutdownHook] j.LocalContainerEntityManagerFactoryBean : Closing JPA EntityManagerFactory for persistence unit 'default'
2025-12-11T02:01:07.438+01:00  INFO 25264 --- [projAgile] [SpringApplicationShutdownHook] com.zaxxer.hikari.HikariDataSource       : HikariPool-1 - Shutdown initiated...
2025-12-11T02:01:07.454+01:00  INFO 25264 --- [projAgile] [SpringApplicationShutdownHook] com.zaxxer.hikari.HikariDataSource       : HikariPool-1 - Shutdown completed.
2025-12-11T02:15:19.074+01:00  INFO 20388 --- [projAgile] [main] net.lhm.projagile.ProjAgileApplication   : Starting ProjAgileApplication using Java 21.0.3 with PID 20388 (C:\Users\Hp\Desktop\projet\projAgile\target\classes started by Hp in C:\Users\Hp\Desktop\projet\projAgile)
2025-12-11T02:15:19.076+01:00  INFO 20388 --- [projAgile] [main] net.lhm.projagile.ProjAgileApplication   : No active profile set, falling back to 1 default profile: "default"
2025-12-11T02:15:20.514+01:00  INFO 20388 --- [projAgile] [main] .s.d.r.c.RepositoryConfigurationDelegate : Bootstrapping Spring Data JPA repositories in DEFAULT mode.
2025-12-11T02:15:20.602+01:00  INFO 20388 --- [projAgile] [main] .s.d.r.c.RepositoryConfigurationDelegate : Finished Spring Data repository scanning in 79 ms. Found 6 JPA repository interfaces.
2025-12-11T02:15:21.640+01:00  INFO 20388 --- [projAgile] [main] o.s.b.w.embedded.tomcat.TomcatWebServer  : Tomcat initialized with port 8086 (http)
2025-12-11T02:15:21.664+01:00  INFO 20388 --- [projAgile] [main] o.apache.catalina.core.StandardService   : Starting service [Tomcat]
2025-12-11T02:15:21.664+01:00  INFO 20388 --- [projAgile] [main] o.apache.catalina.core.StandardEngine    : Starting Servlet engine: [Apache Tomcat/10.1.34]
2025-12-11T02:15:21.759+01:00  INFO 20388 --- [projAgile] [main] o.a.c.c.C.[Tomcat].[localhost].[/]       : Initializing Spring embedded WebApplicationContext
2025-12-11T02:15:21.759+01:00  INFO 20388 --- [projAgile] [main] w.s.c.ServletWebServerApplicationContext : Root WebApplicationContext: initialization completed in 2638 ms
2025-12-11T02:15:22.282+01:00  INFO 20388 --- [projAgile] [main] o.hibernate.jpa.internal.util.LogHelper  : HHH000204: Processing PersistenceUnitInfo [name: default]
2025-12-11T02:15:22.408+01:00  INFO 20388 --- [projAgile] [main] org.hibernate.Version                    : HHH000412: Hibernate ORM core version 6.6.5.Final
2025-12-11T02:15:22.477+01:00  INFO 20388 --- [projAgile] [main] o.h.c.internal.RegionFactoryInitiator    : HHH000026: Second-level cache disabled
2025-12-11T02:15:23.090+01:00  INFO 20388 --- [projAgile] [main] o.s.o.j.p.SpringPersistenceUnitInfo      : No LoadTimeWeaver setup: ignoring JPA class transformer
2025-12-11T02:15:23.158+01:00  INFO 20388 --- [projAgile] [main] com.zaxxer.hikari.HikariDataSource       : HikariPool-1 - Starting...
2025-12-11T02:15:23.760+01:00  INFO 20388 --- [projAgile] [main] com.zaxxer.hikari.pool.HikariPool        : HikariPool-1 - Added connection com.mysql.cj.jdbc.ConnectionImpl@8091d80
2025-12-11T02:15:23.762+01:00  INFO 20388 --- [projAgile] [main] com.zaxxer.hikari.HikariDataSource       : HikariPool-1 - Start completed.
2025-12-11T02:15:23.829+01:00  WARN 20388 --- [projAgile] [main] org.hibernate.orm.deprecation            : HHH90000025: MySQL8Dialect does not need to be specified explicitly using 'hibernate.dialect' (remove the property setting and it will be selected by default)
2025-12-11T02:15:23.830+01:00  WARN 20388 --- [projAgile] [main] org.hibernate.orm.deprecation            : HHH90000026: MySQL8Dialect has been deprecated; use org.hibernate.dialect.MySQLDialect instead
2025-12-11T02:15:23.861+01:00  INFO 20388 --- [projAgile] [main] org.hibernate.orm.connections.pooling    : HHH10001005: Database info:
	Database JDBC URL [Connecting through datasource 'HikariDataSource (HikariPool-1)']
	Database driver: undefined/unknown
	Database version: 8.0
	Autocommit mode: undefined/unknown
	Isolation level: undefined/unknown
	Minimum pool size: undefined/unknown
	Maximum pool size: undefined/unknown
2025-12-11T02:15:25.408+01:00  INFO 20388 --- [projAgile] [main] o.h.e.t.j.p.i.JtaPlatformInitiator       : HHH000489: No JTA platform available (set 'hibernate.transaction.jta.platform' to enable JTA platform integration)
2025-12-11T02:15:25.539+01:00  INFO 20388 --- [projAgile] [main] j.LocalContainerEntityManagerFactoryBean : Initialized JPA EntityManagerFactory for persistence unit 'default'
2025-12-11T02:15:26.039+01:00  INFO 20388 --- [projAgile] [main] r$InitializeUserDetailsManagerConfigurer : Global AuthenticationManager configured with UserDetailsService bean with name customUserDetailsService
2025-12-11T02:15:26.402+01:00  WARN 20388 --- [projAgile] [main] JpaBaseConfiguration$JpaWebConfiguration : spring.jpa.open-in-view is enabled by default. Therefore, database queries may be performed during view rendering. Explicitly configure spring.jpa.open-in-view to disable this warning
2025-12-11T02:15:27.154+01:00  INFO 20388 --- [projAgile] [main] o.s.b.a.e.web.EndpointLinksResolver      : Exposing 4 endpoints beneath base path '/actuator'
2025-12-11T02:15:27.941+01:00  INFO 20388 --- [projAgile] [main] o.s.b.w.embedded.tomcat.TomcatWebServer  : Tomcat started on port 8086 (http) with context path '/'
2025-12-11T02:15:27.954+01:00  INFO 20388 --- [projAgile] [main] net.lhm.projagile.ProjAgileApplication   : Started ProjAgileApplication in 9.501 seconds (process running for 10.58)
2025-12-11T02:15:28.574+01:00  INFO 20388 --- [projAgile] [RMI TCP Connection(1)-10.190.131.63] o.a.c.c.C.[Tomcat].[localhost].[/]       : Initializing Spring DispatcherServlet 'dispatcherServlet'
2025-12-11T02:15:28.574+01:00  INFO 20388 --- [projAgile] [RMI TCP Connection(1)-10.190.131.63] o.s.web.servlet.DispatcherServlet        : Initializing Servlet 'dispatcherServlet'
2025-12-11T02:15:28.577+01:00  INFO 20388 --- [projAgile] [RMI TCP Connection(1)-10.190.131.63] o.s.web.servlet.DispatcherServlet        : Completed initialization in 1 ms
2025-12-11T02:16:51.477+01:00  INFO 20388 --- [projAgile] [SpringApplicationShutdownHook] o.s.b.w.e.tomcat.GracefulShutdown        : Commencing graceful shutdown. Waiting for active requests to complete
2025-12-11T02:16:51.485+01:00  INFO 20388 --- [projAgile] [tomcat-shutdown] o.s.b.w.e.tomcat.GracefulShutdown        : Graceful shutdown complete
2025-12-11T02:16:51.493+01:00  INFO 20388 --- [projAgile] [SpringApplicationShutdownHook] j.LocalContainerEntityManagerFactoryBean : Closing JPA EntityManagerFactory for persistence unit 'default'
2025-12-11T02:16:51.495+01:00  INFO 20388 --- [projAgile] [SpringApplicationShutdownHook] com.zaxxer.hikari.HikariDataSource       : HikariPool-1 - Shutdown initiated...
2025-12-11T02:16:51.509+01:00  INFO 20388 --- [projAgile] [SpringApplicationShutdownHook] com.zaxxer.hikari.HikariDataSource       : HikariPool-1 - Shutdown completed.
2025-12-11T02:36:24.638+01:00  INFO 27196 --- [projAgile] [main] net.lhm.projagile.ProjAgileApplication   : Starting ProjAgileApplication using Java 21.0.3 with PID 27196 (C:\Users\Hp\Desktop\projet\projAgile\target\classes started by Hp in C:\Users\Hp\Desktop\projet\projAgile)
2025-12-11T02:36:24.641+01:00  INFO 27196 --- [projAgile] [main] net.lhm.projagile.ProjAgileApplication   : No active profile set, falling back to 1 default profile: "default"
2025-12-11T02:36:26.064+01:00  INFO 27196 --- [projAgile] [main] .s.d.r.c.RepositoryConfigurationDelegate : Bootstrapping Spring Data JPA repositories in DEFAULT mode.
2025-12-11T02:36:26.150+01:00  INFO 27196 --- [projAgile] [main] .s.d.r.c.RepositoryConfigurationDelegate : Finished Spring Data repository scanning in 76 ms. Found 6 JPA repository interfaces.
2025-12-11T02:36:27.093+01:00  INFO 27196 --- [projAgile] [main] o.s.b.w.embedded.tomcat.TomcatWebServer  : Tomcat initialized with port 8086 (http)
2025-12-11T02:36:27.110+01:00  INFO 27196 --- [projAgile] [main] o.apache.catalina.core.StandardService   : Starting service [Tomcat]
2025-12-11T02:36:27.111+01:00  INFO 27196 --- [projAgile] [main] o.apache.catalina.core.StandardEngine    : Starting Servlet engine: [Apache Tomcat/10.1.34]
2025-12-11T02:36:27.179+01:00  INFO 27196 --- [projAgile] [main] o.a.c.c.C.[Tomcat].[localhost].[/]       : Initializing Spring embedded WebApplicationContext
2025-12-11T02:36:27.179+01:00  INFO 27196 --- [projAgile] [main] w.s.c.ServletWebServerApplicationContext : Root WebApplicationContext: initialization completed in 2490 ms
2025-12-11T02:36:27.544+01:00  INFO 27196 --- [projAgile] [main] o.hibernate.jpa.internal.util.LogHelper  : HHH000204: Processing PersistenceUnitInfo [name: default]
2025-12-11T02:36:27.644+01:00  INFO 27196 --- [projAgile] [main] org.hibernate.Version                    : HHH000412: Hibernate ORM core version 6.6.5.Final
2025-12-11T02:36:27.698+01:00  INFO 27196 --- [projAgile] [main] o.h.c.internal.RegionFactoryInitiator    : HHH000026: Second-level cache disabled
2025-12-11T02:36:28.054+01:00  INFO 27196 --- [projAgile] [main] o.s.o.j.p.SpringPersistenceUnitInfo      : No LoadTimeWeaver setup: ignoring JPA class transformer
2025-12-11T02:36:28.109+01:00  INFO 27196 --- [projAgile] [main] com.zaxxer.hikari.HikariDataSource       : HikariPool-1 - Starting...
2025-12-11T02:36:28.577+01:00  INFO 27196 --- [projAgile] [main] com.zaxxer.hikari.pool.HikariPool        : HikariPool-1 - Added connection com.mysql.cj.jdbc.ConnectionImpl@35744f8
2025-12-11T02:36:28.579+01:00  INFO 27196 --- [projAgile] [main] com.zaxxer.hikari.HikariDataSource       : HikariPool-1 - Start completed.
2025-12-11T02:36:28.630+01:00  WARN 27196 --- [projAgile] [main] org.hibernate.orm.deprecation            : HHH90000025: MySQL8Dialect does not need to be specified explicitly using 'hibernate.dialect' (remove the property setting and it will be selected by default)
2025-12-11T02:36:28.631+01:00  WARN 27196 --- [projAgile] [main] org.hibernate.orm.deprecation            : HHH90000026: MySQL8Dialect has been deprecated; use org.hibernate.dialect.MySQLDialect instead
2025-12-11T02:36:28.650+01:00  INFO 27196 --- [projAgile] [main] org.hibernate.orm.connections.pooling    : HHH10001005: Database info:
	Database JDBC URL [Connecting through datasource 'HikariDataSource (HikariPool-1)']
	Database driver: undefined/unknown
	Database version: 8.0
	Autocommit mode: undefined/unknown
	Isolation level: undefined/unknown
	Minimum pool size: undefined/unknown
	Maximum pool size: undefined/unknown
2025-12-11T02:36:29.875+01:00  INFO 27196 --- [projAgile] [main] o.h.e.t.j.p.i.JtaPlatformInitiator       : HHH000489: No JTA platform available (set 'hibernate.transaction.jta.platform' to enable JTA platform integration)
2025-12-11T02:36:30.042+01:00  INFO 27196 --- [projAgile] [main] j.LocalContainerEntityManagerFactoryBean : Initialized JPA EntityManagerFactory for persistence unit 'default'
2025-12-11T02:36:30.554+01:00  INFO 27196 --- [projAgile] [main] r$InitializeUserDetailsManagerConfigurer : Global AuthenticationManager configured with UserDetailsService bean with name customUserDetailsService
2025-12-11T02:36:30.899+01:00  WARN 27196 --- [projAgile] [main] JpaBaseConfiguration$JpaWebConfiguration : spring.jpa.open-in-view is enabled by default. Therefore, database queries may be performed during view rendering. Explicitly configure spring.jpa.open-in-view to disable this warning
2025-12-11T02:36:31.529+01:00  INFO 27196 --- [projAgile] [main] o.s.b.a.e.web.EndpointLinksResolver      : Exposing 4 endpoints beneath base path '/actuator'
2025-12-11T02:36:32.306+01:00  INFO 27196 --- [projAgile] [main] o.s.b.w.embedded.tomcat.TomcatWebServer  : Tomcat started on port 8086 (http) with context path '/'
2025-12-11T02:36:32.319+01:00  INFO 27196 --- [projAgile] [main] net.lhm.projagile.ProjAgileApplication   : Started ProjAgileApplication in 8.275 seconds (process running for 9.376)
2025-12-11T02:36:32.960+01:00  INFO 27196 --- [projAgile] [RMI TCP Connection(1)-10.190.131.63] o.a.c.c.C.[Tomcat].[localhost].[/]       : Initializing Spring DispatcherServlet 'dispatcherServlet'
2025-12-11T02:36:32.961+01:00  INFO 27196 --- [projAgile] [RMI TCP Connection(1)-10.190.131.63] o.s.web.servlet.DispatcherServlet        : Initializing Servlet 'dispatcherServlet'
2025-12-11T02:36:32.963+01:00  INFO 27196 --- [projAgile] [RMI TCP Connection(1)-10.190.131.63] o.s.web.servlet.DispatcherServlet        : Completed initialization in 2 ms
2025-12-11T02:38:33.198+01:00  INFO 27196 --- [projAgile] [http-nio-8086-exec-5] n.l.p.Services.impl.UserServiceImpl      : Fetching user by ID: 1
2025-12-11T02:38:33.269+01:00  INFO 27196 --- [projAgile] [http-nio-8086-exec-5] n.l.p.Services.impl.UserServiceImpl      : User found with ID: 1
2025-12-11T02:44:34.907+01:00  INFO 27196 --- [projAgile] [SpringApplicationShutdownHook] o.s.b.w.e.tomcat.GracefulShutdown        : Commencing graceful shutdown. Waiting for active requests to complete
2025-12-11T02:44:34.917+01:00  INFO 27196 --- [projAgile] [tomcat-shutdown] o.s.b.w.e.tomcat.GracefulShutdown        : Graceful shutdown complete
2025-12-11T02:44:34.932+01:00  INFO 27196 --- [projAgile] [SpringApplicationShutdownHook] j.LocalContainerEntityManagerFactoryBean : Closing JPA EntityManagerFactory for persistence unit 'default'
2025-12-11T02:44:34.935+01:00  INFO 27196 --- [projAgile] [SpringApplicationShutdownHook] com.zaxxer.hikari.HikariDataSource       : HikariPool-1 - Shutdown initiated...
2025-12-11T02:44:34.956+01:00  INFO 27196 --- [projAgile] [SpringApplicationShutdownHook] com.zaxxer.hikari.HikariDataSource       : HikariPool-1 - Shutdown completed.
2025-12-11T02:44:41.154+01:00  INFO 6364 --- [projAgile] [main] net.lhm.projagile.ProjAgileApplication   : Starting ProjAgileApplication using Java 21.0.3 with PID 6364 (C:\Users\Hp\Desktop\projet\projAgile\target\classes started by Hp in C:\Users\Hp\Desktop\projet\projAgile)
2025-12-11T02:44:41.157+01:00  INFO 6364 --- [projAgile] [main] net.lhm.projagile.ProjAgileApplication   : No active profile set, falling back to 1 default profile: "default"
2025-12-11T02:44:42.337+01:00  INFO 6364 --- [projAgile] [main] .s.d.r.c.RepositoryConfigurationDelegate : Bootstrapping Spring Data JPA repositories in DEFAULT mode.
2025-12-11T02:44:42.417+01:00  INFO 6364 --- [projAgile] [main] .s.d.r.c.RepositoryConfigurationDelegate : Finished Spring Data repository scanning in 71 ms. Found 6 JPA repository interfaces.
2025-12-11T02:44:43.186+01:00  INFO 6364 --- [projAgile] [main] o.s.b.w.embedded.tomcat.TomcatWebServer  : Tomcat initialized with port 8086 (http)
2025-12-11T02:44:43.200+01:00  INFO 6364 --- [projAgile] [main] o.apache.catalina.core.StandardService   : Starting service [Tomcat]
2025-12-11T02:44:43.200+01:00  INFO 6364 --- [projAgile] [main] o.apache.catalina.core.StandardEngine    : Starting Servlet engine: [Apache Tomcat/10.1.34]
2025-12-11T02:44:43.266+01:00  INFO 6364 --- [projAgile] [main] o.a.c.c.C.[Tomcat].[localhost].[/]       : Initializing Spring embedded WebApplicationContext
2025-12-11T02:44:43.266+01:00  INFO 6364 --- [projAgile] [main] w.s.c.ServletWebServerApplicationContext : Root WebApplicationContext: initialization completed in 2060 ms
2025-12-11T02:44:43.599+01:00  INFO 6364 --- [projAgile] [main] o.hibernate.jpa.internal.util.LogHelper  : HHH000204: Processing PersistenceUnitInfo [name: default]
2025-12-11T02:44:43.651+01:00  INFO 6364 --- [projAgile] [main] org.hibernate.Version                    : HHH000412: Hibernate ORM core version 6.6.5.Final
2025-12-11T02:44:43.683+01:00  INFO 6364 --- [projAgile] [main] o.h.c.internal.RegionFactoryInitiator    : HHH000026: Second-level cache disabled
2025-12-11T02:44:43.949+01:00  INFO 6364 --- [projAgile] [main] o.s.o.j.p.SpringPersistenceUnitInfo      : No LoadTimeWeaver setup: ignoring JPA class transformer
2025-12-11T02:44:43.979+01:00  INFO 6364 --- [projAgile] [main] com.zaxxer.hikari.HikariDataSource       : HikariPool-1 - Starting...
2025-12-11T02:44:44.341+01:00  INFO 6364 --- [projAgile] [main] com.zaxxer.hikari.pool.HikariPool        : HikariPool-1 - Added connection com.mysql.cj.jdbc.ConnectionImpl@2431050d
2025-12-11T02:44:44.345+01:00  INFO 6364 --- [projAgile] [main] com.zaxxer.hikari.HikariDataSource       : HikariPool-1 - Start completed.
2025-12-11T02:44:44.388+01:00  WARN 6364 --- [projAgile] [main] org.hibernate.orm.deprecation            : HHH90000025: MySQL8Dialect does not need to be specified explicitly using 'hibernate.dialect' (remove the property setting and it will be selected by default)
2025-12-11T02:44:44.389+01:00  WARN 6364 --- [projAgile] [main] org.hibernate.orm.deprecation            : HHH90000026: MySQL8Dialect has been deprecated; use org.hibernate.dialect.MySQLDialect instead
2025-12-11T02:44:44.405+01:00  INFO 6364 --- [projAgile] [main] org.hibernate.orm.connections.pooling    : HHH10001005: Database info:
	Database JDBC URL [Connecting through datasource 'HikariDataSource (HikariPool-1)']
	Database driver: undefined/unknown
	Database version: 8.0
	Autocommit mode: undefined/unknown
	Isolation level: undefined/unknown
	Minimum pool size: undefined/unknown
	Maximum pool size: undefined/unknown
2025-12-11T02:44:45.487+01:00  INFO 6364 --- [projAgile] [main] o.h.e.t.j.p.i.JtaPlatformInitiator       : HHH000489: No JTA platform available (set 'hibernate.transaction.jta.platform' to enable JTA platform integration)
2025-12-11T02:44:45.693+01:00  INFO 6364 --- [projAgile] [main] j.LocalContainerEntityManagerFactoryBean : Initialized JPA EntityManagerFactory for persistence unit 'default'
2025-12-11T02:44:46.113+01:00  INFO 6364 --- [projAgile] [main] r$InitializeUserDetailsManagerConfigurer : Global AuthenticationManager configured with UserDetailsService bean with name customUserDetailsService
2025-12-11T02:44:46.434+01:00  WARN 6364 --- [projAgile] [main] JpaBaseConfiguration$JpaWebConfiguration : spring.jpa.open-in-view is enabled by default. Therefore, database queries may be performed during view rendering. Explicitly configure spring.jpa.open-in-view to disable this warning
2025-12-11T02:44:46.996+01:00  INFO 6364 --- [projAgile] [main] o.s.b.a.e.web.EndpointLinksResolver      : Exposing 4 endpoints beneath base path '/actuator'
2025-12-11T02:44:47.866+01:00  INFO 6364 --- [projAgile] [main] o.s.b.w.embedded.tomcat.TomcatWebServer  : Tomcat started on port 8086 (http) with context path '/'
2025-12-11T02:44:47.888+01:00  INFO 6364 --- [projAgile] [main] net.lhm.projagile.ProjAgileApplication   : Started ProjAgileApplication in 7.224 seconds (process running for 7.898)
2025-12-11T02:44:48.375+01:00  INFO 6364 --- [projAgile] [RMI TCP Connection(1)-10.190.131.63] o.a.c.c.C.[Tomcat].[localhost].[/]       : Initializing Spring DispatcherServlet 'dispatcherServlet'
2025-12-11T02:44:48.375+01:00  INFO 6364 --- [projAgile] [RMI TCP Connection(1)-10.190.131.63] o.s.web.servlet.DispatcherServlet        : Initializing Servlet 'dispatcherServlet'
2025-12-11T02:44:48.378+01:00  INFO 6364 --- [projAgile] [RMI TCP Connection(1)-10.190.131.63] o.s.web.servlet.DispatcherServlet        : Completed initialization in 2 ms
2025-12-11T02:45:34.840+01:00  INFO 6364 --- [projAgile] [SpringApplicationShutdownHook] o.s.b.w.e.tomcat.GracefulShutdown        : Commencing graceful shutdown. Waiting for active requests to complete
2025-12-11T02:45:34.849+01:00  INFO 6364 --- [projAgile] [tomcat-shutdown] o.s.b.w.e.tomcat.GracefulShutdown        : Graceful shutdown complete
2025-12-11T02:45:34.858+01:00  INFO 6364 --- [projAgile] [SpringApplicationShutdownHook] j.LocalContainerEntityManagerFactoryBean : Closing JPA EntityManagerFactory for persistence unit 'default'
2025-12-11T02:45:34.861+01:00  INFO 6364 --- [projAgile] [SpringApplicationShutdownHook] com.zaxxer.hikari.HikariDataSource       : HikariPool-1 - Shutdown initiated...
2025-12-11T02:45:34.878+01:00  INFO 6364 --- [projAgile] [SpringApplicationShutdownHook] com.zaxxer.hikari.HikariDataSource       : HikariPool-1 - Shutdown completed.
2025-12-11T02:45:50.846+01:00  INFO 6048 --- [projAgile] [main] net.lhm.projagile.ProjAgileApplication   : Starting ProjAgileApplication using Java 21.0.3 with PID 6048 (C:\Users\Hp\Desktop\projet\projAgile\target\classes started by Hp in C:\Users\Hp\Desktop\projet\projAgile)
2025-12-11T02:45:50.849+01:00  INFO 6048 --- [projAgile] [main] net.lhm.projagile.ProjAgileApplication   : No active profile set, falling back to 1 default profile: "default"
2025-12-11T02:45:51.997+01:00  INFO 6048 --- [projAgile] [main] .s.d.r.c.RepositoryConfigurationDelegate : Bootstrapping Spring Data JPA repositories in DEFAULT mode.
2025-12-11T02:45:52.073+01:00  INFO 6048 --- [projAgile] [main] .s.d.r.c.RepositoryConfigurationDelegate : Finished Spring Data repository scanning in 68 ms. Found 6 JPA repository interfaces.
2025-12-11T02:45:52.753+01:00  INFO 6048 --- [projAgile] [main] o.s.b.w.embedded.tomcat.TomcatWebServer  : Tomcat initialized with port 8086 (http)
2025-12-11T02:45:52.766+01:00  INFO 6048 --- [projAgile] [main] o.apache.catalina.core.StandardService   : Starting service [Tomcat]
2025-12-11T02:45:52.767+01:00  INFO 6048 --- [projAgile] [main] o.apache.catalina.core.StandardEngine    : Starting Servlet engine: [Apache Tomcat/10.1.34]
2025-12-11T02:45:52.831+01:00  INFO 6048 --- [projAgile] [main] o.a.c.c.C.[Tomcat].[localhost].[/]       : Initializing Spring embedded WebApplicationContext
2025-12-11T02:45:52.832+01:00  INFO 6048 --- [projAgile] [main] w.s.c.ServletWebServerApplicationContext : Root WebApplicationContext: initialization completed in 1927 ms
2025-12-11T02:45:53.133+01:00  INFO 6048 --- [projAgile] [main] o.hibernate.jpa.internal.util.LogHelper  : HHH000204: Processing PersistenceUnitInfo [name: default]
2025-12-11T02:45:53.180+01:00  INFO 6048 --- [projAgile] [main] org.hibernate.Version                    : HHH000412: Hibernate ORM core version 6.6.5.Final
2025-12-11T02:45:53.209+01:00  INFO 6048 --- [projAgile] [main] o.h.c.internal.RegionFactoryInitiator    : HHH000026: Second-level cache disabled
2025-12-11T02:45:53.476+01:00  INFO 6048 --- [projAgile] [main] o.s.o.j.p.SpringPersistenceUnitInfo      : No LoadTimeWeaver setup: ignoring JPA class transformer
2025-12-11T02:45:53.502+01:00  INFO 6048 --- [projAgile] [main] com.zaxxer.hikari.HikariDataSource       : HikariPool-1 - Starting...
2025-12-11T02:45:53.777+01:00  INFO 6048 --- [projAgile] [main] com.zaxxer.hikari.pool.HikariPool        : HikariPool-1 - Added connection com.mysql.cj.jdbc.ConnectionImpl@2431050d
2025-12-11T02:45:53.779+01:00  INFO 6048 --- [projAgile] [main] com.zaxxer.hikari.HikariDataSource       : HikariPool-1 - Start completed.
2025-12-11T02:45:53.820+01:00  WARN 6048 --- [projAgile] [main] org.hibernate.orm.deprecation            : HHH90000025: MySQL8Dialect does not need to be specified explicitly using 'hibernate.dialect' (remove the property setting and it will be selected by default)
2025-12-11T02:45:53.821+01:00  WARN 6048 --- [projAgile] [main] org.hibernate.orm.deprecation            : HHH90000026: MySQL8Dialect has been deprecated; use org.hibernate.dialect.MySQLDialect instead
2025-12-11T02:45:53.836+01:00  INFO 6048 --- [projAgile] [main] org.hibernate.orm.connections.pooling    : HHH10001005: Database info:
	Database JDBC URL [Connecting through datasource 'HikariDataSource (HikariPool-1)']
	Database driver: undefined/unknown
	Database version: 8.0
	Autocommit mode: undefined/unknown
	Isolation level: undefined/unknown
	Minimum pool size: undefined/unknown
	Maximum pool size: undefined/unknown
2025-12-11T02:45:54.804+01:00  INFO 6048 --- [projAgile] [main] o.h.e.t.j.p.i.JtaPlatformInitiator       : HHH000489: No JTA platform available (set 'hibernate.transaction.jta.platform' to enable JTA platform integration)
2025-12-11T02:45:54.961+01:00  INFO 6048 --- [projAgile] [main] j.LocalContainerEntityManagerFactoryBean : Initialized JPA EntityManagerFactory for persistence unit 'default'
2025-12-11T02:45:55.335+01:00  INFO 6048 --- [projAgile] [main] r$InitializeUserDetailsManagerConfigurer : Global AuthenticationManager configured with UserDetailsService bean with name customUserDetailsService
2025-12-11T02:45:55.602+01:00  WARN 6048 --- [projAgile] [main] JpaBaseConfiguration$JpaWebConfiguration : spring.jpa.open-in-view is enabled by default. Therefore, database queries may be performed during view rendering. Explicitly configure spring.jpa.open-in-view to disable this warning
2025-12-11T02:45:56.120+01:00  INFO 6048 --- [projAgile] [main] o.s.b.a.e.web.EndpointLinksResolver      : Exposing 4 endpoints beneath base path '/actuator'
2025-12-11T02:45:56.795+01:00  INFO 6048 --- [projAgile] [main] o.s.b.w.embedded.tomcat.TomcatWebServer  : Tomcat started on port 8086 (http) with context path '/'
2025-12-11T02:45:56.807+01:00  INFO 6048 --- [projAgile] [main] net.lhm.projagile.ProjAgileApplication   : Started ProjAgileApplication in 6.39 seconds (process running for 7.021)
2025-12-11T02:45:57.118+01:00  INFO 6048 --- [projAgile] [RMI TCP Connection(1)-10.190.131.63] o.a.c.c.C.[Tomcat].[localhost].[/]       : Initializing Spring DispatcherServlet 'dispatcherServlet'
2025-12-11T02:45:57.118+01:00  INFO 6048 --- [projAgile] [RMI TCP Connection(1)-10.190.131.63] o.s.web.servlet.DispatcherServlet        : Initializing Servlet 'dispatcherServlet'
2025-12-11T02:45:57.120+01:00  INFO 6048 --- [projAgile] [RMI TCP Connection(1)-10.190.131.63] o.s.web.servlet.DispatcherServlet        : Completed initialization in 2 ms
2025-12-11T02:46:32.737+01:00  WARN 6048 --- [projAgile] [http-nio-8086-exec-2] n.l.p.exception.GlobalExceptionHandler   : Authorization denied: Access Denied
2025-12-11T02:47:00.136+01:00  INFO 6048 --- [projAgile] [SpringApplicationShutdownHook] o.s.b.w.e.tomcat.GracefulShutdown        : Commencing graceful shutdown. Waiting for active requests to complete
2025-12-11T02:47:00.145+01:00  INFO 6048 --- [projAgile] [tomcat-shutdown] o.s.b.w.e.tomcat.GracefulShutdown        : Graceful shutdown complete
2025-12-11T02:47:00.152+01:00  INFO 6048 --- [projAgile] [SpringApplicationShutdownHook] j.LocalContainerEntityManagerFactoryBean : Closing JPA EntityManagerFactory for persistence unit 'default'
2025-12-11T02:47:00.155+01:00  INFO 6048 --- [projAgile] [SpringApplicationShutdownHook] com.zaxxer.hikari.HikariDataSource       : HikariPool-1 - Shutdown initiated...
2025-12-11T02:47:00.185+01:00  INFO 6048 --- [projAgile] [SpringApplicationShutdownHook] com.zaxxer.hikari.HikariDataSource       : HikariPool-1 - Shutdown completed.
2025-12-11T02:47:06.428+01:00  INFO 3776 --- [projAgile] [main] net.lhm.projagile.ProjAgileApplication   : Starting ProjAgileApplication using Java 21.0.3 with PID 3776 (C:\Users\Hp\Desktop\projet\projAgile\target\classes started by Hp in C:\Users\Hp\Desktop\projet\projAgile)
2025-12-11T02:47:06.431+01:00  INFO 3776 --- [projAgile] [main] net.lhm.projagile.ProjAgileApplication   : No active profile set, falling back to 1 default profile: "default"
2025-12-11T02:47:07.511+01:00  INFO 3776 --- [projAgile] [main] .s.d.r.c.RepositoryConfigurationDelegate : Bootstrapping Spring Data JPA repositories in DEFAULT mode.
2025-12-11T02:47:07.586+01:00  INFO 3776 --- [projAgile] [main] .s.d.r.c.RepositoryConfigurationDelegate : Finished Spring Data repository scanning in 66 ms. Found 6 JPA repository interfaces.
2025-12-11T02:47:08.286+01:00  INFO 3776 --- [projAgile] [main] o.s.b.w.embedded.tomcat.TomcatWebServer  : Tomcat initialized with port 8086 (http)
2025-12-11T02:47:08.300+01:00  INFO 3776 --- [projAgile] [main] o.apache.catalina.core.StandardService   : Starting service [Tomcat]
2025-12-11T02:47:08.300+01:00  INFO 3776 --- [projAgile] [main] o.apache.catalina.core.StandardEngine    : Starting Servlet engine: [Apache Tomcat/10.1.34]
2025-12-11T02:47:08.355+01:00  INFO 3776 --- [projAgile] [main] o.a.c.c.C.[Tomcat].[localhost].[/]       : Initializing Spring embedded WebApplicationContext
2025-12-11T02:47:08.355+01:00  INFO 3776 --- [projAgile] [main] w.s.c.ServletWebServerApplicationContext : Root WebApplicationContext: initialization completed in 1871 ms
2025-12-11T02:47:08.679+01:00  INFO 3776 --- [projAgile] [main] o.hibernate.jpa.internal.util.LogHelper  : HHH000204: Processing PersistenceUnitInfo [name: default]
2025-12-11T02:47:08.730+01:00  INFO 3776 --- [projAgile] [main] org.hibernate.Version                    : HHH000412: Hibernate ORM core version 6.6.5.Final
2025-12-11T02:47:08.758+01:00  INFO 3776 --- [projAgile] [main] o.h.c.internal.RegionFactoryInitiator    : HHH000026: Second-level cache disabled
2025-12-11T02:47:08.987+01:00  INFO 3776 --- [projAgile] [main] o.s.o.j.p.SpringPersistenceUnitInfo      : No LoadTimeWeaver setup: ignoring JPA class transformer
2025-12-11T02:47:09.015+01:00  INFO 3776 --- [projAgile] [main] com.zaxxer.hikari.HikariDataSource       : HikariPool-1 - Starting...
2025-12-11T02:47:09.299+01:00  INFO 3776 --- [projAgile] [main] com.zaxxer.hikari.pool.HikariPool        : HikariPool-1 - Added connection com.mysql.cj.jdbc.ConnectionImpl@3be369fc
2025-12-11T02:47:09.301+01:00  INFO 3776 --- [projAgile] [main] com.zaxxer.hikari.HikariDataSource       : HikariPool-1 - Start completed.
2025-12-11T02:47:09.339+01:00  WARN 3776 --- [projAgile] [main] org.hibernate.orm.deprecation            : HHH90000025: MySQL8Dialect does not need to be specified explicitly using 'hibernate.dialect' (remove the property setting and it will be selected by default)
2025-12-11T02:47:09.340+01:00  WARN 3776 --- [projAgile] [main] org.hibernate.orm.deprecation            : HHH90000026: MySQL8Dialect has been deprecated; use org.hibernate.dialect.MySQLDialect instead
2025-12-11T02:47:09.354+01:00  INFO 3776 --- [projAgile] [main] org.hibernate.orm.connections.pooling    : HHH10001005: Database info:
	Database JDBC URL [Connecting through datasource 'HikariDataSource (HikariPool-1)']
	Database driver: undefined/unknown
	Database version: 8.0
	Autocommit mode: undefined/unknown
	Isolation level: undefined/unknown
	Minimum pool size: undefined/unknown
	Maximum pool size: undefined/unknown
2025-12-11T02:47:10.299+01:00  INFO 3776 --- [projAgile] [main] o.h.e.t.j.p.i.JtaPlatformInitiator       : HHH000489: No JTA platform available (set 'hibernate.transaction.jta.platform' to enable JTA platform integration)
2025-12-11T02:47:10.425+01:00  INFO 3776 --- [projAgile] [main] j.LocalContainerEntityManagerFactoryBean : Initialized JPA EntityManagerFactory for persistence unit 'default'
2025-12-11T02:47:10.773+01:00  INFO 3776 --- [projAgile] [main] r$InitializeUserDetailsManagerConfigurer : Global AuthenticationManager configured with UserDetailsService bean with name customUserDetailsService
2025-12-11T02:47:11.035+01:00  WARN 3776 --- [projAgile] [main] JpaBaseConfiguration$JpaWebConfiguration : spring.jpa.open-in-view is enabled by default. Therefore, database queries may be performed during view rendering. Explicitly configure spring.jpa.open-in-view to disable this warning
2025-12-11T02:47:11.530+01:00  INFO 3776 --- [projAgile] [main] o.s.b.a.e.web.EndpointLinksResolver      : Exposing 4 endpoints beneath base path '/actuator'
2025-12-11T02:47:12.154+01:00  INFO 3776 --- [projAgile] [main] o.s.b.w.embedded.tomcat.TomcatWebServer  : Tomcat started on port 8086 (http) with context path '/'
2025-12-11T02:47:12.164+01:00  INFO 3776 --- [projAgile] [main] net.lhm.projagile.ProjAgileApplication   : Started ProjAgileApplication in 6.194 seconds (process running for 6.802)
2025-12-11T02:47:12.682+01:00  INFO 3776 --- [projAgile] [RMI TCP Connection(2)-10.190.131.63] o.a.c.c.C.[Tomcat].[localhost].[/]       : Initializing Spring DispatcherServlet 'dispatcherServlet'
2025-12-11T02:47:12.682+01:00  INFO 3776 --- [projAgile] [RMI TCP Connection(2)-10.190.131.63] o.s.web.servlet.DispatcherServlet        : Initializing Servlet 'dispatcherServlet'
2025-12-11T02:47:12.686+01:00  INFO 3776 --- [projAgile] [RMI TCP Connection(2)-10.190.131.63] o.s.web.servlet.DispatcherServlet        : Completed initialization in 3 ms
2025-12-11T02:47:18.331+01:00  WARN 3776 --- [projAgile] [http-nio-8086-exec-6] n.l.p.exception.GlobalExceptionHandler   : Authorization denied: Access Denied
2025-12-11T02:47:20.976+01:00  WARN 3776 --- [projAgile] [http-nio-8086-exec-4] n.l.p.exception.GlobalExceptionHandler   : Authorization denied: Access Denied
2025-12-11T02:47:42.140+01:00  WARN 3776 --- [projAgile] [http-nio-8086-exec-5] n.l.p.exception.GlobalExceptionHandler   : Authorization denied: Access Denied
2025-12-11T02:52:00.990+01:00  INFO 3776 --- [projAgile] [SpringApplicationShutdownHook] o.s.b.w.e.tomcat.GracefulShutdown        : Commencing graceful shutdown. Waiting for active requests to complete
2025-12-11T02:52:01.001+01:00  INFO 3776 --- [projAgile] [tomcat-shutdown] o.s.b.w.e.tomcat.GracefulShutdown        : Graceful shutdown complete
2025-12-11T02:52:01.011+01:00  INFO 3776 --- [projAgile] [SpringApplicationShutdownHook] j.LocalContainerEntityManagerFactoryBean : Closing JPA EntityManagerFactory for persistence unit 'default'
2025-12-11T02:52:01.014+01:00  INFO 3776 --- [projAgile] [SpringApplicationShutdownHook] com.zaxxer.hikari.HikariDataSource       : HikariPool-1 - Shutdown initiated...
2025-12-11T02:52:01.035+01:00  INFO 3776 --- [projAgile] [SpringApplicationShutdownHook] com.zaxxer.hikari.HikariDataSource       : HikariPool-1 - Shutdown completed.
2025-12-11T02:52:07.085+01:00  INFO 15828 --- [projAgile] [main] net.lhm.projagile.ProjAgileApplication   : Starting ProjAgileApplication using Java 21.0.3 with PID 15828 (C:\Users\Hp\Desktop\projet\projAgile\target\classes started by Hp in C:\Users\Hp\Desktop\projet\projAgile)
2025-12-11T02:52:07.088+01:00  INFO 15828 --- [projAgile] [main] net.lhm.projagile.ProjAgileApplication   : No active profile set, falling back to 1 default profile: "default"
2025-12-11T02:52:08.199+01:00  INFO 15828 --- [projAgile] [main] .s.d.r.c.RepositoryConfigurationDelegate : Bootstrapping Spring Data JPA repositories in DEFAULT mode.
2025-12-11T02:52:08.271+01:00  INFO 15828 --- [projAgile] [main] .s.d.r.c.RepositoryConfigurationDelegate : Finished Spring Data repository scanning in 64 ms. Found 6 JPA repository interfaces.
2025-12-11T02:52:08.985+01:00  INFO 15828 --- [projAgile] [main] o.s.b.w.embedded.tomcat.TomcatWebServer  : Tomcat initialized with port 8086 (http)
2025-12-11T02:52:08.999+01:00  INFO 15828 --- [projAgile] [main] o.apache.catalina.core.StandardService   : Starting service [Tomcat]
2025-12-11T02:52:09.000+01:00  INFO 15828 --- [projAgile] [main] o.apache.catalina.core.StandardEngine    : Starting Servlet engine: [Apache Tomcat/10.1.34]
2025-12-11T02:52:09.052+01:00  INFO 15828 --- [projAgile] [main] o.a.c.c.C.[Tomcat].[localhost].[/]       : Initializing Spring embedded WebApplicationContext
2025-12-11T02:52:09.052+01:00  INFO 15828 --- [projAgile] [main] w.s.c.ServletWebServerApplicationContext : Root WebApplicationContext: initialization completed in 1907 ms
2025-12-11T02:52:09.401+01:00  INFO 15828 --- [projAgile] [main] o.hibernate.jpa.internal.util.LogHelper  : HHH000204: Processing PersistenceUnitInfo [name: default]
2025-12-11T02:52:09.454+01:00  INFO 15828 --- [projAgile] [main] org.hibernate.Version                    : HHH000412: Hibernate ORM core version 6.6.5.Final
2025-12-11T02:52:09.485+01:00  INFO 15828 --- [projAgile] [main] o.h.c.internal.RegionFactoryInitiator    : HHH000026: Second-level cache disabled
2025-12-11T02:52:09.729+01:00  INFO 15828 --- [projAgile] [main] o.s.o.j.p.SpringPersistenceUnitInfo      : No LoadTimeWeaver setup: ignoring JPA class transformer
2025-12-11T02:52:09.758+01:00  INFO 15828 --- [projAgile] [main] com.zaxxer.hikari.HikariDataSource       : HikariPool-1 - Starting...
2025-12-11T02:52:10.067+01:00  INFO 15828 --- [projAgile] [main] com.zaxxer.hikari.pool.HikariPool        : HikariPool-1 - Added connection com.mysql.cj.jdbc.ConnectionImpl@35744f8
2025-12-11T02:52:10.069+01:00  INFO 15828 --- [projAgile] [main] com.zaxxer.hikari.HikariDataSource       : HikariPool-1 - Start completed.
2025-12-11T02:52:10.112+01:00  WARN 15828 --- [projAgile] [main] org.hibernate.orm.deprecation            : HHH90000025: MySQL8Dialect does not need to be specified explicitly using 'hibernate.dialect' (remove the property setting and it will be selected by default)
2025-12-11T02:52:10.113+01:00  WARN 15828 --- [projAgile] [main] org.hibernate.orm.deprecation            : HHH90000026: MySQL8Dialect has been deprecated; use org.hibernate.dialect.MySQLDialect instead
2025-12-11T02:52:10.129+01:00  INFO 15828 --- [projAgile] [main] org.hibernate.orm.connections.pooling    : HHH10001005: Database info:
	Database JDBC URL [Connecting through datasource 'HikariDataSource (HikariPool-1)']
	Database driver: undefined/unknown
	Database version: 8.0
	Autocommit mode: undefined/unknown
	Isolation level: undefined/unknown
	Minimum pool size: undefined/unknown
	Maximum pool size: undefined/unknown
2025-12-11T02:52:11.161+01:00  INFO 15828 --- [projAgile] [main] o.h.e.t.j.p.i.JtaPlatformInitiator       : HHH000489: No JTA platform available (set 'hibernate.transaction.jta.platform' to enable JTA platform integration)
2025-12-11T02:52:11.303+01:00  INFO 15828 --- [projAgile] [main] j.LocalContainerEntityManagerFactoryBean : Initialized JPA EntityManagerFactory for persistence unit 'default'
2025-12-11T02:52:11.678+01:00  INFO 15828 --- [projAgile] [main] r$InitializeUserDetailsManagerConfigurer : Global AuthenticationManager configured with UserDetailsService bean with name customUserDetailsService
2025-12-11T02:52:11.965+01:00  WARN 15828 --- [projAgile] [main] JpaBaseConfiguration$JpaWebConfiguration : spring.jpa.open-in-view is enabled by default. Therefore, database queries may be performed during view rendering. Explicitly configure spring.jpa.open-in-view to disable this warning
2025-12-11T02:52:12.602+01:00  INFO 15828 --- [projAgile] [main] o.s.b.a.e.web.EndpointLinksResolver      : Exposing 4 endpoints beneath base path '/actuator'
2025-12-11T02:52:13.253+01:00  INFO 15828 --- [projAgile] [main] o.s.b.w.embedded.tomcat.TomcatWebServer  : Tomcat started on port 8086 (http) with context path '/'
2025-12-11T02:52:13.264+01:00  INFO 15828 --- [projAgile] [main] net.lhm.projagile.ProjAgileApplication   : Started ProjAgileApplication in 6.607 seconds (process running for 7.232)
2025-12-11T02:52:13.883+01:00  INFO 15828 --- [projAgile] [RMI TCP Connection(2)-10.190.131.63] o.a.c.c.C.[Tomcat].[localhost].[/]       : Initializing Spring DispatcherServlet 'dispatcherServlet'
2025-12-11T02:52:13.884+01:00  INFO 15828 --- [projAgile] [RMI TCP Connection(2)-10.190.131.63] o.s.web.servlet.DispatcherServlet        : Initializing Servlet 'dispatcherServlet'
2025-12-11T02:52:13.886+01:00  INFO 15828 --- [projAgile] [RMI TCP Connection(2)-10.190.131.63] o.s.web.servlet.DispatcherServlet        : Completed initialization in 2 ms
2025-12-11T02:52:22.580+01:00  INFO 15828 --- [projAgile] [http-nio-8086-exec-1] n.l.p.Services.impl.UserServiceImpl      : Fetching user by ID: 1
2025-12-11T02:52:22.661+01:00  INFO 15828 --- [projAgile] [http-nio-8086-exec-1] n.l.p.Services.impl.UserServiceImpl      : User found with ID: 1
2025-12-11T02:52:31.280+01:00  INFO 15828 --- [projAgile] [SpringApplicationShutdownHook] o.s.b.w.e.tomcat.GracefulShutdown        : Commencing graceful shutdown. Waiting for active requests to complete
2025-12-11T02:52:31.288+01:00  INFO 15828 --- [projAgile] [tomcat-shutdown] o.s.b.w.e.tomcat.GracefulShutdown        : Graceful shutdown complete
2025-12-11T02:52:31.295+01:00  INFO 15828 --- [projAgile] [SpringApplicationShutdownHook] j.LocalContainerEntityManagerFactoryBean : Closing JPA EntityManagerFactory for persistence unit 'default'
2025-12-11T02:52:31.297+01:00  INFO 15828 --- [projAgile] [SpringApplicationShutdownHook] com.zaxxer.hikari.HikariDataSource       : HikariPool-1 - Shutdown initiated...
2025-12-11T02:52:31.312+01:00  INFO 15828 --- [projAgile] [SpringApplicationShutdownHook] com.zaxxer.hikari.HikariDataSource       : HikariPool-1 - Shutdown completed.
